This is pdfTeX, Version 3.141592653-2.6-1.40.29 (TeX Live 2026) (preloaded format=pdflatex 2026.3.9)  23 MAR 2026 00:55
entering extended mode
 restricted \write18 enabled.
 %&-line parsing enabled.
**/Users/josaum/projects/jcube/reports/anomaly_report_2026_03.tex
(/Users/josaum/projects/jcube/reports/anomaly_report_2026_03.tex
LaTeX2e <2025-11-01>
L3 programming layer <2026-01-19>
(/usr/local/texlive/2026/texmf-dist/tex/latex/base/article.cls
Document Class: article 2025/01/22 v1.4n Standard LaTeX document class
(/usr/local/texlive/2026/texmf-dist/tex/latex/base/size10.clo
File: size10.clo 2025/01/22 v1.4n Standard LaTeX file (size option)
)
\c@part=\count275
\c@section=\count276
\c@subsection=\count277
\c@subsubsection=\count278
\c@paragraph=\count279
\c@subparagraph=\count280
\c@figure=\count281
\c@table=\count282
\abovecaptionskip=\skip49
\belowcaptionskip=\skip50
\bibindent=\dimen148
)
(/usr/local/texlive/2026/texmf-dist/tex/latex/geometry/geometry.sty
Package: geometry 2020/01/02 v5.9 Page Geometry

(/usr/local/texlive/2026/texmf-dist/tex/latex/graphics/keyval.sty
Package: keyval 2022/05/29 v1.15 key=value parser (DPC)
\KV@toks@=\toks17
)
(/usr/local/texlive/2026/texmf-dist/tex/generic/iftex/ifvtex.sty
Package: ifvtex 2019/10/25 v1.7 ifvtex legacy package. Use iftex instead.

(/usr/local/texlive/2026/texmf-dist/tex/generic/iftex/iftex.sty
Package: iftex 2024/12/12 v1.0g TeX engine tests
))
\Gm@cnth=\count283
\Gm@cntv=\count284
\c@Gm@tempcnt=\count285
\Gm@bindingoffset=\dimen149
\Gm@wd@mp=\dimen150
\Gm@odd@mp=\dimen151
\Gm@even@mp=\dimen152
\Gm@layoutwidth=\dimen153
\Gm@layoutheight=\dimen154
\Gm@layouthoffset=\dimen155
\Gm@layoutvoffset=\dimen156
\Gm@dimlist=\toks18
)
(/usr/local/texlive/2026/texmf-dist/tex/latex/base/inputenc.sty
Package: inputenc 2024/02/08 v1.3d Input encoding file
\inpenc@prehook=\toks19
\inpenc@posthook=\toks20
)
(/usr/local/texlive/2026/texmf-dist/tex/latex/base/fontenc.sty
Package: fontenc 2025/07/18 v2.1d Standard LaTeX package
)
(/usr/local/texlive/2026/texmf-dist/tex/generic/babel/babel.sty
Package: babel 2026/02/14 v26.3 The multilingual framework for LuaLaTeX, pdfLaT
eX and XeLaTeX
\babel@savecnt=\count286
LaTeX Encoding Info:    Redeclaring text command \ij (encoding OT1) on input li
ne 2078.
LaTeX Encoding Info:    Redeclaring text command \IJ (encoding OT1) on input li
ne 2080.
LaTeX Encoding Info:    Redeclaring text command \ij (encoding T1) on input lin
e 2082.
LaTeX Encoding Info:    Redeclaring text command \IJ (encoding T1) on input lin
e 2083.
LaTeX Encoding Info:    Ignoring declaration for text command \ij (encoding ?) 
on input line 2084.
LaTeX Encoding Info:    Ignoring declaration for text command \IJ (encoding ?) 
on input line 2086.
LaTeX Encoding Info:    Ignoring declaration for text command \SS (encoding ?) 
on input line 2111.
\U@D=\dimen157
\l@unhyphenated=\language91

(/usr/local/texlive/2026/texmf-dist/tex/generic/babel/txtbabel.def)
\bbl@readstream=\read2
\bbl@dirlevel=\count287

(/usr/local/texlive/2026/texmf-dist/tex/generic/babel/locale/invalid/babel-braz
il.tex)

Package babel Warning: Name 'brazil' is deprecated.
(babel)                Use 'brazilian' instead.
(babel)                Reported on input line 4330.

Package babel Info: Importing font and identification data for brazil
(babel)             from babel-pt-BR.ini. Reported on input line 4330.
(/usr/local/texlive/2026/texmf-dist/tex/generic/babel-portuges/brazilian.ldf
Language: portuges 2026/01/24 v1.2u Portuguese support from the babel system
Package babel Info: Hyphen rules for 'brazil' set to \l@portuguese
(babel)             (\language73). Reported on input line 100.
Package babel Info: Making " an active character on input line 132.
))
(/usr/local/texlive/2026/texmf-dist/tex/latex/lm/lmodern.sty
Package: lmodern 2015/05/01 v1.6.1 Latin Modern Fonts
LaTeX Font Info:    Overwriting symbol font `operators' in version `normal'
(Font)                  OT1/cmr/m/n --> OT1/lmr/m/n on input line 22.
LaTeX Font Info:    Overwriting symbol font `letters' in version `normal'
(Font)                  OML/cmm/m/it --> OML/lmm/m/it on input line 23.
LaTeX Font Info:    Overwriting symbol font `symbols' in version `normal'
(Font)                  OMS/cmsy/m/n --> OMS/lmsy/m/n on input line 24.
LaTeX Font Info:    Overwriting symbol font `largesymbols' in version `normal'
(Font)                  OMX/cmex/m/n --> OMX/lmex/m/n on input line 25.
LaTeX Font Info:    Overwriting symbol font `operators' in version `bold'
(Font)                  OT1/cmr/bx/n --> OT1/lmr/bx/n on input line 26.
LaTeX Font Info:    Overwriting symbol font `letters' in version `bold'
(Font)                  OML/cmm/b/it --> OML/lmm/b/it on input line 27.
LaTeX Font Info:    Overwriting symbol font `symbols' in version `bold'
(Font)                  OMS/cmsy/b/n --> OMS/lmsy/b/n on input line 28.
LaTeX Font Info:    Overwriting symbol font `largesymbols' in version `bold'
(Font)                  OMX/cmex/m/n --> OMX/lmex/m/n on input line 29.
LaTeX Font Info:    Overwriting math alphabet `\mathbf' in version `normal'
(Font)                  OT1/cmr/bx/n --> OT1/lmr/bx/n on input line 31.
LaTeX Font Info:    Overwriting math alphabet `\mathsf' in version `normal'
(Font)                  OT1/cmss/m/n --> OT1/lmss/m/n on input line 32.
LaTeX Font Info:    Overwriting math alphabet `\mathit' in version `normal'
(Font)                  OT1/cmr/m/it --> OT1/lmr/m/it on input line 33.
LaTeX Font Info:    Overwriting math alphabet `\mathtt' in version `normal'
(Font)                  OT1/cmtt/m/n --> OT1/lmtt/m/n on input line 34.
LaTeX Font Info:    Overwriting math alphabet `\mathbf' in version `bold'
(Font)                  OT1/cmr/bx/n --> OT1/lmr/bx/n on input line 35.
LaTeX Font Info:    Overwriting math alphabet `\mathsf' in version `bold'
(Font)                  OT1/cmss/bx/n --> OT1/lmss/bx/n on input line 36.
LaTeX Font Info:    Overwriting math alphabet `\mathit' in version `bold'
(Font)                  OT1/cmr/bx/it --> OT1/lmr/bx/it on input line 37.
LaTeX Font Info:    Overwriting math alphabet `\mathtt' in version `bold'
(Font)                  OT1/cmtt/m/n --> OT1/lmtt/m/n on input line 38.
)
(/usr/local/texlive/2026/texmf-dist/tex/latex/xcolor/xcolor.sty
Package: xcolor 2024/09/29 v3.02 LaTeX color extensions (UK)

(/usr/local/texlive/2026/texmf-dist/tex/latex/graphics-cfg/color.cfg
File: color.cfg 2016/01/02 v1.6 sample color configuration
)
Package xcolor Info: Driver file: pdftex.def on input line 274.

(/usr/local/texlive/2026/texmf-dist/tex/latex/graphics-def/pdftex.def
File: pdftex.def 2025/09/29 v1.2d Graphics/color driver for pdftex
)
(/usr/local/texlive/2026/texmf-dist/tex/latex/graphics/mathcolor.ltx)
Package xcolor Info: Model `cmy' substituted by `cmy0' on input line 1349.
Package xcolor Info: Model `hsb' substituted by `rgb' on input line 1353.
Package xcolor Info: Model `RGB' extended on input line 1365.
Package xcolor Info: Model `HTML' substituted by `rgb' on input line 1367.
Package xcolor Info: Model `Hsb' substituted by `hsb' on input line 1368.
Package xcolor Info: Model `tHsb' substituted by `hsb' on input line 1369.
Package xcolor Info: Model `HSB' substituted by `hsb' on input line 1370.
Package xcolor Info: Model `Gray' substituted by `gray' on input line 1371.
Package xcolor Info: Model `wave' substituted by `hsb' on input line 1372.
)
(/usr/local/texlive/2026/texmf-dist/tex/latex/colortbl/colortbl.sty
Package: colortbl 2024/10/29 v1.0k Color table columns (DPC)

(/usr/local/texlive/2026/texmf-dist/tex/latex/tools/array.sty
Package: array 2025/09/25 v2.6n Tabular extension package (FMi)
\col@sep=\dimen158
\ar@mcellbox=\box53
\extrarowheight=\dimen159
\NC@list=\toks21
\extratabsurround=\skip51
\backup@length=\skip52
\ar@cellbox=\box54
)
\everycr=\toks22
\minrowclearance=\skip53
\rownum=\count288
)
(/usr/local/texlive/2026/texmf-dist/tex/latex/booktabs/booktabs.sty
Package: booktabs 2020/01/12 v1.61803398 Publication quality tables
\heavyrulewidth=\dimen160
\lightrulewidth=\dimen161
\cmidrulewidth=\dimen162
\belowrulesep=\dimen163
\belowbottomsep=\dimen164
\aboverulesep=\dimen165
\abovetopsep=\dimen166
\cmidrulesep=\dimen167
\cmidrulekern=\dimen168
\defaultaddspace=\dimen169
\@cmidla=\count289
\@cmidlb=\count290
\@aboverulesep=\dimen170
\@belowrulesep=\dimen171
\@thisruleclass=\count291
\@lastruleclass=\count292
\@thisrulewidth=\dimen172
)
(/usr/local/texlive/2026/texmf-dist/tex/latex/tools/longtable.sty
Package: longtable 2025-10-13 v4.24 Multi-page Table package (DPC)
\LTleft=\skip54
\LTright=\skip55
\LTpre=\skip56
\LTpost=\skip57
\LTchunksize=\count293
\LTcapwidth=\dimen173
\LT@head=\box55
\LT@firsthead=\box56
\LT@foot=\box57
\LT@lastfoot=\box58
\LT@gbox=\box59
\LT@cols=\count294
\LT@rows=\count295
\c@LT@tables=\count296
\c@LT@chunks=\count297
\LT@p@ftn=\toks23
)
(/usr/local/texlive/2026/texmf-dist/tex/latex/tools/tabularx.sty
Package: tabularx 2023/12/11 v2.12a `tabularx' package (DPC)
\TX@col@width=\dimen174
\TX@old@table=\dimen175
\TX@old@col=\dimen176
\TX@target=\dimen177
\TX@delta=\dimen178
\TX@cols=\count298
\TX@ftn=\toks24
)
(/usr/local/texlive/2026/texmf-dist/tex/latex/multirow/multirow.sty
Package: multirow 2024/11/12 v2.9 Span multiple rows of a table
\multirow@colwidth=\skip58
\multirow@cntb=\count299
\multirow@dima=\skip59
\bigstrutjot=\dimen179
)
(/usr/local/texlive/2026/texmf-dist/tex/latex/fancyhdr/fancyhdr.sty
Package: fancyhdr 2025/02/07 v5.2 Extensive control of page headers and footers

\f@nch@headwidth=\skip60
\f@nch@offset@elh=\skip61
\f@nch@offset@erh=\skip62
\f@nch@offset@olh=\skip63
\f@nch@offset@orh=\skip64
\f@nch@offset@elf=\skip65
\f@nch@offset@erf=\skip66
\f@nch@offset@olf=\skip67
\f@nch@offset@orf=\skip68
\f@nch@height=\skip69
\f@nch@footalignment=\skip70
\f@nch@widthL=\skip71
\f@nch@widthC=\skip72
\f@nch@widthR=\skip73
\@temptokenb=\toks25
)
(/usr/local/texlive/2026/texmf-dist/tex/latex/titlesec/titlesec.sty
Package: titlesec 2025/01/04 v2.17 Sectioning titles
\ttl@box=\box60
\beforetitleunit=\skip74
\aftertitleunit=\skip75
\ttl@plus=\dimen180
\ttl@minus=\dimen181
\ttl@toksa=\toks26
\titlewidth=\dimen182
\titlewidthlast=\dimen183
\titlewidthfirst=\dimen184
)
(/usr/local/texlive/2026/texmf-dist/tex/latex/tcolorbox/tcolorbox.sty
Package: tcolorbox 2025/11/28 version 6.9.0 text color boxes

(/usr/local/texlive/2026/texmf-dist/tex/latex/pgf/frontendlayer/tikz.sty
(/usr/local/texlive/2026/texmf-dist/tex/latex/pgf/basiclayer/pgf.sty
(/usr/local/texlive/2026/texmf-dist/tex/latex/pgf/utilities/pgfrcs.sty
(/usr/local/texlive/2026/texmf-dist/tex/generic/pgf/utilities/pgfutil-common.te
x
\pgfutil@everybye=\toks27
\pgfutil@tempdima=\dimen185
\pgfutil@tempdimb=\dimen186
)
(/usr/local/texlive/2026/texmf-dist/tex/generic/pgf/utilities/pgfutil-latex.def
\pgfutil@abb=\box61
) (/usr/local/texlive/2026/texmf-dist/tex/generic/pgf/utilities/pgfrcs.code.tex
(/usr/local/texlive/2026/texmf-dist/tex/generic/pgf/pgf.revision.tex)
Package: pgfrcs 2025-08-29 v3.1.11a (3.1.11a)
))
Package: pgf 2025-08-29 v3.1.11a (3.1.11a)

(/usr/local/texlive/2026/texmf-dist/tex/latex/pgf/basiclayer/pgfcore.sty
(/usr/local/texlive/2026/texmf-dist/tex/latex/graphics/graphicx.sty
Package: graphicx 2024/12/31 v1.2e Enhanced LaTeX Graphics (DPC,SPQR)

(/usr/local/texlive/2026/texmf-dist/tex/latex/graphics/graphics.sty
Package: graphics 2024/08/06 v1.4g Standard LaTeX Graphics (DPC,SPQR)

(/usr/local/texlive/2026/texmf-dist/tex/latex/graphics/trig.sty
Package: trig 2023/12/02 v1.11 sin cos tan (DPC)
)
(/usr/local/texlive/2026/texmf-dist/tex/latex/graphics-cfg/graphics.cfg
File: graphics.cfg 2016/06/04 v1.11 sample graphics configuration
)
Package graphics Info: Driver file: pdftex.def on input line 106.
)
\Gin@req@height=\dimen187
\Gin@req@width=\dimen188
)
(/usr/local/texlive/2026/texmf-dist/tex/latex/pgf/systemlayer/pgfsys.sty
(/usr/local/texlive/2026/texmf-dist/tex/generic/pgf/systemlayer/pgfsys.code.tex
Package: pgfsys 2025-08-29 v3.1.11a (3.1.11a)
(/usr/local/texlive/2026/texmf-dist/tex/generic/pgf/utilities/pgfkeys.code.tex
\pgfkeys@pathtoks=\toks28
\pgfkeys@temptoks=\toks29

(/usr/local/texlive/2026/texmf-dist/tex/generic/pgf/utilities/pgfkeyslibraryfil
tered.code.tex
\pgfkeys@tmptoks=\toks30
))
\pgf@x=\dimen189
\pgf@y=\dimen190
\pgf@xa=\dimen191
\pgf@ya=\dimen192
\pgf@xb=\dimen193
\pgf@yb=\dimen194
\pgf@xc=\dimen195
\pgf@yc=\dimen196
\pgf@xd=\dimen197
\pgf@yd=\dimen198
\w@pgf@writea=\write3
\r@pgf@reada=\read3
\c@pgf@counta=\count300
\c@pgf@countb=\count301
\c@pgf@countc=\count302
\c@pgf@countd=\count303
\t@pgf@toka=\toks31
\t@pgf@tokb=\toks32
\t@pgf@tokc=\toks33
\pgf@sys@id@count=\count304

(/usr/local/texlive/2026/texmf-dist/tex/generic/pgf/systemlayer/pgf.cfg
File: pgf.cfg 2025-08-29 v3.1.11a (3.1.11a)
)
Driver file for pgf: pgfsys-pdftex.def

(/usr/local/texlive/2026/texmf-dist/tex/generic/pgf/systemlayer/pgfsys-pdftex.d
ef
File: pgfsys-pdftex.def 2025-08-29 v3.1.11a (3.1.11a)

(/usr/local/texlive/2026/texmf-dist/tex/generic/pgf/systemlayer/pgfsys-common-p
df.def
File: pgfsys-common-pdf.def 2025-08-29 v3.1.11a (3.1.11a)
)))
(/usr/local/texlive/2026/texmf-dist/tex/generic/pgf/systemlayer/pgfsyssoftpath.
code.tex
File: pgfsyssoftpath.code.tex 2025-08-29 v3.1.11a (3.1.11a)
\pgfsyssoftpath@smallbuffer@items=\count305
\pgfsyssoftpath@bigbuffer@items=\count306
)
(/usr/local/texlive/2026/texmf-dist/tex/generic/pgf/systemlayer/pgfsysprotocol.
code.tex
File: pgfsysprotocol.code.tex 2025-08-29 v3.1.11a (3.1.11a)
))
(/usr/local/texlive/2026/texmf-dist/tex/generic/pgf/basiclayer/pgfcore.code.tex
Package: pgfcore 2025-08-29 v3.1.11a (3.1.11a)
(/usr/local/texlive/2026/texmf-dist/tex/generic/pgf/math/pgfmath.code.tex
(/usr/local/texlive/2026/texmf-dist/tex/generic/pgf/math/pgfmathutil.code.tex)
(/usr/local/texlive/2026/texmf-dist/tex/generic/pgf/math/pgfmathparser.code.tex
\pgfmath@dimen=\dimen199
\pgfmath@count=\count307
\pgfmath@box=\box62
\pgfmath@toks=\toks34
\pgfmath@stack@operand=\toks35
\pgfmath@stack@operation=\toks36
)
(/usr/local/texlive/2026/texmf-dist/tex/generic/pgf/math/pgfmathfunctions.code.
tex)
(/usr/local/texlive/2026/texmf-dist/tex/generic/pgf/math/pgfmathfunctions.basic
.code.tex)
(/usr/local/texlive/2026/texmf-dist/tex/generic/pgf/math/pgfmathfunctions.trigo
nometric.code.tex)
(/usr/local/texlive/2026/texmf-dist/tex/generic/pgf/math/pgfmathfunctions.rando
m.code.tex)
(/usr/local/texlive/2026/texmf-dist/tex/generic/pgf/math/pgfmathfunctions.compa
rison.code.tex)
(/usr/local/texlive/2026/texmf-dist/tex/generic/pgf/math/pgfmathfunctions.base.
code.tex)
(/usr/local/texlive/2026/texmf-dist/tex/generic/pgf/math/pgfmathfunctions.round
.code.tex)
(/usr/local/texlive/2026/texmf-dist/tex/generic/pgf/math/pgfmathfunctions.misc.
code.tex)
(/usr/local/texlive/2026/texmf-dist/tex/generic/pgf/math/pgfmathfunctions.integ
erarithmetics.code.tex)
(/usr/local/texlive/2026/texmf-dist/tex/generic/pgf/math/pgfmathcalc.code.tex)
(/usr/local/texlive/2026/texmf-dist/tex/generic/pgf/math/pgfmathfloat.code.tex
\c@pgfmathroundto@lastzeros=\count308
)) (/usr/local/texlive/2026/texmf-dist/tex/generic/pgf/math/pgfint.code.tex)
(/usr/local/texlive/2026/texmf-dist/tex/generic/pgf/basiclayer/pgfcorepoints.co
de.tex
File: pgfcorepoints.code.tex 2025-08-29 v3.1.11a (3.1.11a)
\pgf@picminx=\dimen256
\pgf@picmaxx=\dimen257
\pgf@picminy=\dimen258
\pgf@picmaxy=\dimen259
\pgf@pathminx=\dimen260
\pgf@pathmaxx=\dimen261
\pgf@pathminy=\dimen262
\pgf@pathmaxy=\dimen263
\pgf@xx=\dimen264
\pgf@xy=\dimen265
\pgf@yx=\dimen266
\pgf@yy=\dimen267
\pgf@zx=\dimen268
\pgf@zy=\dimen269
)
(/usr/local/texlive/2026/texmf-dist/tex/generic/pgf/basiclayer/pgfcorepathconst
ruct.code.tex
File: pgfcorepathconstruct.code.tex 2025-08-29 v3.1.11a (3.1.11a)
\pgf@path@lastx=\dimen270
\pgf@path@lasty=\dimen271
)
(/usr/local/texlive/2026/texmf-dist/tex/generic/pgf/basiclayer/pgfcorepathusage
.code.tex
File: pgfcorepathusage.code.tex 2025-08-29 v3.1.11a (3.1.11a)
\pgf@shorten@end@additional=\dimen272
\pgf@shorten@start@additional=\dimen273
)
(/usr/local/texlive/2026/texmf-dist/tex/generic/pgf/basiclayer/pgfcorescopes.co
de.tex
File: pgfcorescopes.code.tex 2025-08-29 v3.1.11a (3.1.11a)
\pgfpic=\box63
\pgf@hbox=\box64
\pgf@layerbox@main=\box65
\pgf@picture@serial@count=\count309
)
(/usr/local/texlive/2026/texmf-dist/tex/generic/pgf/basiclayer/pgfcoregraphicst
ate.code.tex
File: pgfcoregraphicstate.code.tex 2025-08-29 v3.1.11a (3.1.11a)
\pgflinewidth=\dimen274
)
(/usr/local/texlive/2026/texmf-dist/tex/generic/pgf/basiclayer/pgfcoretransform
ations.code.tex
File: pgfcoretransformations.code.tex 2025-08-29 v3.1.11a (3.1.11a)
\pgf@pt@x=\dimen275
\pgf@pt@y=\dimen276
\pgf@pt@temp=\dimen277
)
(/usr/local/texlive/2026/texmf-dist/tex/generic/pgf/basiclayer/pgfcorequick.cod
e.tex
File: pgfcorequick.code.tex 2025-08-29 v3.1.11a (3.1.11a)
)
(/usr/local/texlive/2026/texmf-dist/tex/generic/pgf/basiclayer/pgfcoreobjects.c
ode.tex
File: pgfcoreobjects.code.tex 2025-08-29 v3.1.11a (3.1.11a)
)
(/usr/local/texlive/2026/texmf-dist/tex/generic/pgf/basiclayer/pgfcorepathproce
ssing.code.tex
File: pgfcorepathprocessing.code.tex 2025-08-29 v3.1.11a (3.1.11a)
)
(/usr/local/texlive/2026/texmf-dist/tex/generic/pgf/basiclayer/pgfcorearrows.co
de.tex
File: pgfcorearrows.code.tex 2025-08-29 v3.1.11a (3.1.11a)
\pgfarrowsep=\dimen278
)
(/usr/local/texlive/2026/texmf-dist/tex/generic/pgf/basiclayer/pgfcoreshade.cod
e.tex
File: pgfcoreshade.code.tex 2025-08-29 v3.1.11a (3.1.11a)
\pgf@max=\dimen279
\pgf@sys@shading@range@num=\count310
\pgf@shadingcount=\count311
)
(/usr/local/texlive/2026/texmf-dist/tex/generic/pgf/basiclayer/pgfcoreimage.cod
e.tex
File: pgfcoreimage.code.tex 2025-08-29 v3.1.11a (3.1.11a)
)
(/usr/local/texlive/2026/texmf-dist/tex/generic/pgf/basiclayer/pgfcoreexternal.
code.tex
File: pgfcoreexternal.code.tex 2025-08-29 v3.1.11a (3.1.11a)
\pgfexternal@startupbox=\box66
)
(/usr/local/texlive/2026/texmf-dist/tex/generic/pgf/basiclayer/pgfcorelayers.co
de.tex
File: pgfcorelayers.code.tex 2025-08-29 v3.1.11a (3.1.11a)
)
(/usr/local/texlive/2026/texmf-dist/tex/generic/pgf/basiclayer/pgfcoretranspare
ncy.code.tex
File: pgfcoretransparency.code.tex 2025-08-29 v3.1.11a (3.1.11a)
)
(/usr/local/texlive/2026/texmf-dist/tex/generic/pgf/basiclayer/pgfcorepatterns.
code.tex
File: pgfcorepatterns.code.tex 2025-08-29 v3.1.11a (3.1.11a)
)
(/usr/local/texlive/2026/texmf-dist/tex/generic/pgf/basiclayer/pgfcorerdf.code.
tex
File: pgfcorerdf.code.tex 2025-08-29 v3.1.11a (3.1.11a)
)))
(/usr/local/texlive/2026/texmf-dist/tex/generic/pgf/modules/pgfmoduleshapes.cod
e.tex
File: pgfmoduleshapes.code.tex 2025-08-29 v3.1.11a (3.1.11a)
\pgfnodeparttextbox=\box67
)
(/usr/local/texlive/2026/texmf-dist/tex/generic/pgf/modules/pgfmoduleplot.code.
tex
File: pgfmoduleplot.code.tex 2025-08-29 v3.1.11a (3.1.11a)
)
(/usr/local/texlive/2026/texmf-dist/tex/latex/pgf/compatibility/pgfcomp-version
-0-65.sty
Package: pgfcomp-version-0-65 2025-08-29 v3.1.11a (3.1.11a)
\pgf@nodesepstart=\dimen280
\pgf@nodesepend=\dimen281
)
(/usr/local/texlive/2026/texmf-dist/tex/latex/pgf/compatibility/pgfcomp-version
-1-18.sty
Package: pgfcomp-version-1-18 2025-08-29 v3.1.11a (3.1.11a)
))
(/usr/local/texlive/2026/texmf-dist/tex/latex/pgf/utilities/pgffor.sty
(/usr/local/texlive/2026/texmf-dist/tex/latex/pgf/utilities/pgfkeys.sty
(/usr/local/texlive/2026/texmf-dist/tex/generic/pgf/utilities/pgfkeys.code.tex)
) (/usr/local/texlive/2026/texmf-dist/tex/latex/pgf/math/pgfmath.sty
(/usr/local/texlive/2026/texmf-dist/tex/generic/pgf/math/pgfmath.code.tex))
(/usr/local/texlive/2026/texmf-dist/tex/generic/pgf/utilities/pgffor.code.tex
Package: pgffor 2025-08-29 v3.1.11a (3.1.11a)
\pgffor@iter=\dimen282
\pgffor@skip=\dimen283
\pgffor@stack=\toks37
\pgffor@toks=\toks38
))
(/usr/local/texlive/2026/texmf-dist/tex/generic/pgf/frontendlayer/tikz/tikz.cod
e.tex
Package: tikz 2025-08-29 v3.1.11a (3.1.11a)

(/usr/local/texlive/2026/texmf-dist/tex/generic/pgf/libraries/pgflibraryplothan
dlers.code.tex
File: pgflibraryplothandlers.code.tex 2025-08-29 v3.1.11a (3.1.11a)
\pgf@plot@mark@count=\count312
\pgfplotmarksize=\dimen284
)
\tikz@lastx=\dimen285
\tikz@lasty=\dimen286
\tikz@lastxsaved=\dimen287
\tikz@lastysaved=\dimen288
\tikz@lastmovetox=\dimen289
\tikz@lastmovetoy=\dimen290
\tikzleveldistance=\dimen291
\tikzsiblingdistance=\dimen292
\tikz@figbox=\box68
\tikz@figbox@bg=\box69
\tikz@tempbox=\box70
\tikz@tempbox@bg=\box71
\tikztreelevel=\count313
\tikznumberofchildren=\count314
\tikznumberofcurrentchild=\count315
\tikz@fig@count=\count316

(/usr/local/texlive/2026/texmf-dist/tex/generic/pgf/modules/pgfmodulematrix.cod
e.tex
File: pgfmodulematrix.code.tex 2025-08-29 v3.1.11a (3.1.11a)
\pgfmatrixcurrentrow=\count317
\pgfmatrixcurrentcolumn=\count318
\pgf@matrix@numberofcolumns=\count319
)
\tikz@expandcount=\count320

(/usr/local/texlive/2026/texmf-dist/tex/generic/pgf/frontendlayer/tikz/librarie
s/tikzlibrarytopaths.code.tex
File: tikzlibrarytopaths.code.tex 2025-08-29 v3.1.11a (3.1.11a)
)))
(/usr/local/texlive/2026/texmf-dist/tex/latex/tools/verbatim.sty
Package: verbatim 2024-01-22 v1.5x LaTeX2e package for verbatim enhancements
\every@verbatim=\toks39
\verbatim@line=\toks40
\verbatim@in@stream=\read4
)
(/usr/local/texlive/2026/texmf-dist/tex/latex/environ/environ.sty
Package: environ 2014/05/04 v0.3 A new way to define environments

(/usr/local/texlive/2026/texmf-dist/tex/latex/trimspaces/trimspaces.sty
Package: trimspaces 2009/09/17 v1.1 Trim spaces around a token list
)
\@envbody=\toks41
)
(/usr/local/texlive/2026/texmf-dist/tex/latex/etoolbox/etoolbox.sty
Package: etoolbox 2025/10/02 v2.5m e-TeX tools for LaTeX (JAW)
\etb@tempcnta=\count321
)
\tcb@titlebox=\box72
\tcb@upperbox=\box73
\tcb@lowerbox=\box74
\tcb@phantombox=\box75
\c@tcbbreakpart=\count322
\c@tcblayer=\count323
\c@tcolorbox@number=\count324
\l__tcobox_tmpa_box=\box76
\l__tcobox_tmpa_dim=\dimen293
\tcb@temp=\box77
\tcb@temp=\box78
\tcb@temp=\box79
\tcb@temp=\box80
)
(/usr/local/texlive/2026/texmf-dist/tex/latex/hyperref/hyperref.sty
Package: hyperref 2026-01-29 v7.01p Hypertext links for LaTeX

(/usr/local/texlive/2026/texmf-dist/tex/latex/kvsetkeys/kvsetkeys.sty
Package: kvsetkeys 2022-10-05 v1.19 Key value parser (HO)
)
(/usr/local/texlive/2026/texmf-dist/tex/generic/kvdefinekeys/kvdefinekeys.sty
Package: kvdefinekeys 2019-12-19 v1.6 Define keys (HO)
)
(/usr/local/texlive/2026/texmf-dist/tex/generic/pdfescape/pdfescape.sty
Package: pdfescape 2019/12/09 v1.15 Implements pdfTeX's escape features (HO)

(/usr/local/texlive/2026/texmf-dist/tex/generic/ltxcmds/ltxcmds.sty
Package: ltxcmds 2023-12-04 v1.26 LaTeX kernel commands for general use (HO)
)
(/usr/local/texlive/2026/texmf-dist/tex/generic/pdftexcmds/pdftexcmds.sty
Package: pdftexcmds 2020-06-27 v0.33 Utility functions of pdfTeX for LuaTeX (HO
)

(/usr/local/texlive/2026/texmf-dist/tex/generic/infwarerr/infwarerr.sty
Package: infwarerr 2019/12/03 v1.5 Providing info/warning/error messages (HO)
)
Package pdftexcmds Info: \pdf@primitive is available.
Package pdftexcmds Info: \pdf@ifprimitive is available.
Package pdftexcmds Info: \pdfdraftmode found.
))
(/usr/local/texlive/2026/texmf-dist/tex/latex/hycolor/hycolor.sty
Package: hycolor 2020-01-27 v1.10 Color options for hyperref/bookmark (HO)
)
(/usr/local/texlive/2026/texmf-dist/tex/latex/hyperref/nameref.sty
Package: nameref 2026-01-29 v2.58 Cross-referencing by name of section

(/usr/local/texlive/2026/texmf-dist/tex/latex/refcount/refcount.sty
Package: refcount 2019/12/15 v3.6 Data extraction from label references (HO)
)
(/usr/local/texlive/2026/texmf-dist/tex/generic/gettitlestring/gettitlestring.s
ty
Package: gettitlestring 2019/12/15 v1.6 Cleanup title references (HO)
 (/usr/local/texlive/2026/texmf-dist/tex/latex/kvoptions/kvoptions.sty
Package: kvoptions 2022-06-15 v3.15 Key value format for package options (HO)
))
\c@section@level=\count325
)
(/usr/local/texlive/2026/texmf-dist/tex/generic/stringenc/stringenc.sty
Package: stringenc 2019/11/29 v1.12 Convert strings between diff. encodings (HO
)
)
\@linkdim=\dimen294
\Hy@linkcounter=\count326
\Hy@pagecounter=\count327

(/usr/local/texlive/2026/texmf-dist/tex/latex/hyperref/pd1enc.def
File: pd1enc.def 2026-01-29 v7.01p Hyperref: PDFDocEncoding definition (HO)
Now handling font encoding PD1 ...
... no UTF-8 mapping file for font encoding PD1
)
(/usr/local/texlive/2026/texmf-dist/tex/generic/intcalc/intcalc.sty
Package: intcalc 2019/12/15 v1.3 Expandable calculations with integers (HO)
)
\Hy@SavedSpaceFactor=\count328

(/usr/local/texlive/2026/texmf-dist/tex/latex/hyperref/puenc.def
File: puenc.def 2026-01-29 v7.01p Hyperref: PDF Unicode definition (HO)
Now handling font encoding PU ...
... no UTF-8 mapping file for font encoding PU
)
Package hyperref Info: Hyper figures OFF on input line 4201.
Package hyperref Info: Link nesting OFF on input line 4206.
Package hyperref Info: Hyper index ON on input line 4209.
Package hyperref Info: Plain pages OFF on input line 4216.
Package hyperref Info: Backreferencing OFF on input line 4221.
Package hyperref Info: Implicit mode ON; LaTeX internals redefined.
Package hyperref Info: Bookmarks ON on input line 4468.
\c@Hy@tempcnt=\count329

(/usr/local/texlive/2026/texmf-dist/tex/latex/url/url.sty
\Urlmuskip=\muskip17
Package: url 2013/09/16  ver 3.4  Verb mode for urls, etc.
)
LaTeX Info: Redefining \url on input line 4807.
\XeTeXLinkMargin=\dimen295

(/usr/local/texlive/2026/texmf-dist/tex/generic/bitset/bitset.sty
Package: bitset 2019/12/09 v1.3 Handle bit-vector datatype (HO)

(/usr/local/texlive/2026/texmf-dist/tex/generic/bigintcalc/bigintcalc.sty
Package: bigintcalc 2019/12/15 v1.5 Expandable calculations on big integers (HO
)
))
\Fld@menulength=\count330
\Field@Width=\dimen296
\Fld@charsize=\dimen297
Package hyperref Info: Hyper figures OFF on input line 6084.
Package hyperref Info: Link nesting OFF on input line 6089.
Package hyperref Info: Hyper index ON on input line 6092.
Package hyperref Info: backreferencing OFF on input line 6099.
Package hyperref Info: Link coloring OFF on input line 6104.
Package hyperref Info: Link coloring with OCG OFF on input line 6109.
Package hyperref Info: PDF/A mode OFF on input line 6114.
\Hy@abspage=\count331
\c@Item=\count332
\c@Hfootnote=\count333
)
Package hyperref Info: Driver (autodetected): hpdftex.

(/usr/local/texlive/2026/texmf-dist/tex/latex/hyperref/hpdftex.def
File: hpdftex.def 2026-01-29 v7.01p Hyperref driver for pdfTeX
\Fld@listcount=\count334
\c@bookmark@seq@number=\count335

(/usr/local/texlive/2026/texmf-dist/tex/latex/rerunfilecheck/rerunfilecheck.sty
Package: rerunfilecheck 2025-06-21 v1.11 Rerun checks for auxiliary files (HO)

(/usr/local/texlive/2026/texmf-dist/tex/generic/uniquecounter/uniquecounter.sty
Package: uniquecounter 2019/12/15 v1.4 Provide unlimited unique counter (HO)
)
Package uniquecounter Info: New unique counter `rerunfilecheck' on input line 2
84.
)
\Hy@SectionHShift=\skip76
) (/usr/local/texlive/2026/texmf-dist/tex/latex/amsmath/amsmath.sty
Package: amsmath 2025/07/09 v2.17z AMS math features
\@mathmargin=\skip77

For additional information on amsmath, use the `?' option.
(/usr/local/texlive/2026/texmf-dist/tex/latex/amsmath/amstext.sty
Package: amstext 2024/11/17 v2.01 AMS text

(/usr/local/texlive/2026/texmf-dist/tex/latex/amsmath/amsgen.sty
File: amsgen.sty 1999/11/30 v2.0 generic functions
\@emptytoks=\toks42
\ex@=\dimen298
))
(/usr/local/texlive/2026/texmf-dist/tex/latex/amsmath/amsbsy.sty
Package: amsbsy 1999/11/29 v1.2d Bold Symbols
\pmbraise@=\dimen299
)
(/usr/local/texlive/2026/texmf-dist/tex/latex/amsmath/amsopn.sty
Package: amsopn 2022/04/08 v2.04 operator names
)
\inf@bad=\count336
LaTeX Info: Redefining \frac on input line 233.
\uproot@=\count337
\leftroot@=\count338
LaTeX Info: Redefining \overline on input line 398.
LaTeX Info: Redefining \colon on input line 409.
\classnum@=\count339
\DOTSCASE@=\count340
LaTeX Info: Redefining \ldots on input line 495.
LaTeX Info: Redefining \dots on input line 498.
LaTeX Info: Redefining \cdots on input line 619.
\Mathstrutbox@=\box81
\strutbox@=\box82
LaTeX Info: Redefining \big on input line 721.
LaTeX Info: Redefining \Big on input line 722.
LaTeX Info: Redefining \bigg on input line 723.
LaTeX Info: Redefining \Bigg on input line 724.
\big@size=\dimen300
LaTeX Font Info:    Redeclaring font encoding OML on input line 742.
LaTeX Font Info:    Redeclaring font encoding OMS on input line 743.
\macc@depth=\count341
LaTeX Info: Redefining \bmod on input line 904.
LaTeX Info: Redefining \pmod on input line 909.
LaTeX Info: Redefining \smash on input line 939.
LaTeX Info: Redefining \relbar on input line 969.
LaTeX Info: Redefining \Relbar on input line 970.
\c@MaxMatrixCols=\count342
\dotsspace@=\muskip18
\c@parentequation=\count343
\dspbrk@lvl=\count344
\tag@help=\toks43
\row@=\count345
\column@=\count346
\maxfields@=\count347
\andhelp@=\toks44
\eqnshift@=\dimen301
\alignsep@=\dimen302
\tagshift@=\dimen303
\tagwidth@=\dimen304
\totwidth@=\dimen305
\lineht@=\dimen306
\@envbody=\toks45
\multlinegap=\skip78
\multlinetaggap=\skip79
\mathdisplay@stack=\toks46
LaTeX Info: Redefining \[ on input line 2950.
LaTeX Info: Redefining \] on input line 2951.
)
(/usr/local/texlive/2026/texmf-dist/tex/latex/microtype/microtype.sty
Package: microtype 2026/03/01 v3.2d Micro-typographical refinements (RS)
\MT@toks=\toks47
\MT@tempbox=\box83
\MT@count=\count348
LaTeX Info: Redefining \noprotrusionifhmode on input line 1084.
LaTeX Info: Redefining \leftprotrusion on input line 1085.
\MT@prot@toks=\toks48
LaTeX Info: Redefining \rightprotrusion on input line 1104.
LaTeX Info: Redefining \textls on input line 1449.
\MT@outer@kern=\dimen307
LaTeX Info: Redefining \microtypecontext on input line 2053.
LaTeX Info: Redefining \textmicrotypecontext on input line 2070.
\MT@listname@count=\count349

(/usr/local/texlive/2026/texmf-dist/tex/latex/microtype/microtype-pdftex.def
File: microtype-pdftex.def 2026/03/01 v3.2d Definitions specific to pdftex (RS)

LaTeX Info: Redefining \lsstyle on input line 944.
LaTeX Info: Redefining \lslig on input line 944.
\MT@outer@space=\skip80
)
Package microtype Info: Loading configuration file microtype.cfg.

(/usr/local/texlive/2026/texmf-dist/tex/latex/microtype/microtype.cfg
File: microtype.cfg 2026/03/01 v3.2d microtype main configuration file (RS)
)
LaTeX Info: Redefining \microtypesetup on input line 3065.
)
(/usr/local/texlive/2026/texmf-dist/tex/latex/enumitem/enumitem.sty
Package: enumitem 2025/02/06 v3.11 Customized lists
\labelindent=\skip81
\enit@outerparindent=\dimen308
\enit@toks=\toks49
\enit@inbox=\box84
\enit@count@id=\count350
\enitdp@description=\count351
)
(/usr/local/texlive/2026/texmf-dist/tex/latex/tcolorbox/tcbskins.code.tex
Library (tcolorbox): 'tcbskins.code.tex' version '6.9.0'
(/usr/local/texlive/2026/texmf-dist/tex/latex/tikzfill/tikzfill.image.sty
Package: tikzfill.image 2023/08/08 v1.0.1 Image filling library for TikZ

(/usr/local/texlive/2026/texmf-dist/tex/latex/tikzfill/tikzfill-common.sty
Package: tikzfill-common 2023/08/08 v1.0.1 Auxiliary code for tikzfill
)
(/usr/local/texlive/2026/texmf-dist/tex/latex/tikzfill/tikzlibraryfill.image.co
de.tex
File: tikzlibraryfill.image.code.tex 2023/08/08 v1.0.1 Image filling library
\l__tikzfill_img_box=\box85
))
(/usr/local/texlive/2026/texmf-dist/tex/latex/tcolorbox/tcbskinsjigsaw.code.tex
Library (tcolorbox): 'tcbskinsjigsaw.code.tex' version '6.9.0'
))
(/usr/local/texlive/2026/texmf-dist/tex/latex/tcolorbox/tcbbreakable.code.tex
Library (tcolorbox): 'tcbbreakable.code.tex' version '6.9.0'
(/usr/local/texlive/2026/texmf-dist/tex/latex/pdfcol/pdfcol.sty
Package: pdfcol 2022-09-21 v1.7 Handle new color stacks for pdfTeX (HO)
)
Package pdfcol Info: New color stack `tcb@breakable' = 1 on input line 23.
\tcb@testbox=\box86
\tcb@totalupperbox=\box87
\tcb@totallowerbox=\box88
)
Package hyperref Info: Option `colorlinks' set `true' on input line 54.
LaTeX Font Info:    Trying to load font information for T1+lmr on input line 56
.

(/usr/local/texlive/2026/texmf-dist/tex/latex/lm/t1lmr.fd
File: t1lmr.fd 2015/05/01 v1.6.1 Font defs for Latin Modern
)
(/usr/local/texlive/2026/texmf-dist/tex/latex/l3backend/l3backend-pdftex.def
File: l3backend-pdftex.def 2025-10-09 L3 backend support: PDF output (pdfTeX)
\l__color_backend_stack_int=\count352
)
(/Users/josaum/projects/jcube/reports/anomaly_report_2026_03.aux
Package babel Info: 'brazil' activates 'portuges' shorthands.
(babel)             Reported on input line 8.
)
\openout1 = `anomaly_report_2026_03.aux'.

LaTeX Font Info:    Checking defaults for OML/cmm/m/it on input line 56.
LaTeX Font Info:    ... okay on input line 56.
LaTeX Font Info:    Checking defaults for OMS/cmsy/m/n on input line 56.
LaTeX Font Info:    ... okay on input line 56.
LaTeX Font Info:    Checking defaults for OT1/cmr/m/n on input line 56.
LaTeX Font Info:    ... okay on input line 56.
LaTeX Font Info:    Checking defaults for T1/cmr/m/n on input line 56.
LaTeX Font Info:    ... okay on input line 56.
LaTeX Font Info:    Checking defaults for TS1/cmr/m/n on input line 56.
LaTeX Font Info:    ... okay on input line 56.
LaTeX Font Info:    Checking defaults for OMX/cmex/m/n on input line 56.
LaTeX Font Info:    ... okay on input line 56.
LaTeX Font Info:    Checking defaults for U/cmr/m/n on input line 56.
LaTeX Font Info:    ... okay on input line 56.
LaTeX Font Info:    Checking defaults for PD1/pdf/m/n on input line 56.
LaTeX Font Info:    ... okay on input line 56.
LaTeX Font Info:    Checking defaults for PU/pdf/m/n on input line 56.
LaTeX Font Info:    ... okay on input line 56.

*geometry* driver: auto-detecting
*geometry* detected driver: pdftex
*geometry* verbose mode - [ preamble ] result:
* driver: pdftex
* paper: a4paper
* layout: <same size as paper>
* layoutoffset:(h,v)=(0.0pt,0.0pt)
* modes: 
* h-part:(L,W,R)=(51.21504pt, 495.07779pt, 51.21504pt)
* v-part:(T,H,B)=(56.9055pt, 731.23584pt, 56.9055pt)
* \paperwidth=597.50787pt
* \paperheight=845.04684pt
* \textwidth=495.07779pt
* \textheight=731.23584pt
* \oddsidemargin=-21.05495pt
* \evensidemargin=-21.05495pt
* \topmargin=-52.36449pt
* \headheight=12.0pt
* \headsep=25.0pt
* \topskip=10.0pt
* \footskip=30.0pt
* \marginparwidth=57.0pt
* \marginparsep=11.0pt
* \columnsep=10.0pt
* \skip\footins=9.0pt plus 4.0pt minus 2.0pt
* \hoffset=0.0pt
* \voffset=0.0pt
* \mag=1000
* \@twocolumnfalse
* \@twosidefalse
* \@mparswitchfalse
* \@reversemarginfalse
* (1in=72.27pt=25.4mm, 1cm=28.453pt)

(/usr/local/texlive/2026/texmf-dist/tex/context/base/mkii/supp-pdf.mkii
[Loading MPS to PDF converter (version 2006.09.02).]
\scratchcounter=\count353
\scratchdimen=\dimen309
\scratchbox=\box89
\nofMPsegments=\count354
\nofMParguments=\count355
\everyMPshowfont=\toks50
\MPscratchCnt=\count356
\MPscratchDim=\dimen310
\MPnumerator=\count357
\makeMPintoPDFobject=\count358
\everyMPtoPDFconversion=\toks51
) (/usr/local/texlive/2026/texmf-dist/tex/latex/epstopdf-pkg/epstopdf-base.sty
Package: epstopdf-base 2020-01-24 v2.11 Base part for package epstopdf
Package epstopdf-base Info: Redefining graphics rule for `.eps' on input line 4
85.

(/usr/local/texlive/2026/texmf-dist/tex/latex/latexconfig/epstopdf-sys.cfg
File: epstopdf-sys.cfg 2010/07/13 v1.3 Configuration of (r)epstopdf for TeX Liv
e
))
Package hyperref Info: Link coloring ON on input line 56.

(/Users/josaum/projects/jcube/reports/anomaly_report_2026_03.out)
(/Users/josaum/projects/jcube/reports/anomaly_report_2026_03.out)
\@outlinefile=\write4
\openout4 = `anomaly_report_2026_03.out'.

LaTeX Info: Redefining \microtypecontext on input line 56.
Package microtype Info: Applying patch `item' on input line 56.
Package microtype Info: Applying patch `toc' on input line 56.
Package microtype Info: Applying patch `eqnum' on input line 56.
Package microtype Info: Applying patch `footnote' on input line 56.
Package microtype Info: Applying patch `verbatim' on input line 56.
LaTeX Info: Redefining \microtypesetup on input line 56.
Package microtype Info: Generating PDF output.
Package microtype Info: Character protrusion enabled (level 2).
Package microtype Info: Using default protrusion set `alltext'.
Package microtype Info: Automatic font expansion enabled (level 2),
(microtype)             stretch: 20, shrink: 20, step: 1, non-selected.
Package microtype Info: Using default expansion set `alltext-nott'.
Package microtype Info: Patching command `\showhyphens'.
Package microtype Info: No adjustment of tracking.
Package microtype Info: No adjustment of interword spacing.
Package microtype Info: No adjustment of character kerning.

(/usr/local/texlive/2026/texmf-dist/tex/latex/microtype/mt-cmr.cfg
File: mt-cmr.cfg 2013/05/19 v2.2 microtype config. file: Computer Modern Roman 
(RS)
)
LaTeX Font Info:    Trying to load font information for OT1+lmr on input line 7
3.

(/usr/local/texlive/2026/texmf-dist/tex/latex/lm/ot1lmr.fd
File: ot1lmr.fd 2015/05/01 v1.6.1 Font defs for Latin Modern
)
LaTeX Font Info:    Trying to load font information for OML+lmm on input line 7
3.

(/usr/local/texlive/2026/texmf-dist/tex/latex/lm/omllmm.fd
File: omllmm.fd 2015/05/01 v1.6.1 Font defs for Latin Modern
)
LaTeX Font Info:    Trying to load font information for OMS+lmsy on input line 
73.

(/usr/local/texlive/2026/texmf-dist/tex/latex/lm/omslmsy.fd
File: omslmsy.fd 2015/05/01 v1.6.1 Font defs for Latin Modern
)
LaTeX Font Info:    Trying to load font information for OMX+lmex on input line 
73.

(/usr/local/texlive/2026/texmf-dist/tex/latex/lm/omxlmex.fd
File: omxlmex.fd 2015/05/01 v1.6.1 Font defs for Latin Modern
)
LaTeX Font Info:    External font `lmex10' loaded for size
(Font)              <10> on input line 73.
LaTeX Font Info:    External font `lmex10' loaded for size
(Font)              <7> on input line 73.
LaTeX Font Info:    External font `lmex10' loaded for size
(Font)              <5> on input line 73.
LaTeX Font Info:    External font `lmex10' loaded for size
(Font)              <9> on input line 76.
LaTeX Font Info:    External font `lmex10' loaded for size
(Font)              <6> on input line 76.
 [1

{/usr/local/texlive/2026/texmf-var/fonts/map/pdftex/updmap/pdftex.map}{/usr/loc
al/texlive/2026/texmf-dist/fonts/enc/dvips/lm/lm-ec.enc}{/usr/local/texlive/202
6/texmf-dist/fonts/enc/dvips/lm/lm-mathsy.enc}{/usr/local/texlive/2026/texmf-di
st/fonts/enc/dvips/lm/lm-mathit.enc}]
(/Users/josaum/projects/jcube/reports/anomaly_report_2026_03.toc
pdfTeX warning (ext4): destination with the same identifier (name{page.1}) has 
been already used, duplicate ignored
<to be read again> 
                   \relax 
l.41 ...numberline {14}GOHOSP-CNU}{78}{section.14}
                                                  % [1])
\tf@toc=\write5
\openout5 = `anomaly_report_2026_03.toc'.

 [2] [3

{/usr/local/texlive/2026/texmf-dist/fonts/enc/dvips/lm/lm-rm.enc}]
LaTeX Font Info:    External font `lmex10' loaded for size
(Font)              <8> on input line 222.

Underfull \hbox (badness 10000) in paragraph at lines 223--224

 []


Underfull \hbox (badness 10000) in paragraph at lines 225--226

 []


Underfull \hbox (badness 10000) in paragraph at lines 227--228

 []


Underfull \hbox (badness 10000) in paragraph at lines 229--230

 []


Underfull \hbox (badness 10000) in paragraph at lines 256--257

 []


Underfull \hbox (badness 10000) in paragraph at lines 258--259

 []


Underfull \hbox (badness 10000) in paragraph at lines 260--261

 []


Underfull \hbox (badness 10000) in paragraph at lines 262--263

 []

[4

]
Underfull \hbox (badness 10000) in paragraph at lines 289--290

 []


Underfull \hbox (badness 10000) in paragraph at lines 291--292

 []


Underfull \hbox (badness 10000) in paragraph at lines 293--294

 []


Underfull \hbox (badness 10000) in paragraph at lines 295--296

 []


Underfull \hbox (badness 10000) in paragraph at lines 322--323

 []


Underfull \hbox (badness 10000) in paragraph at lines 324--325

 []


Underfull \hbox (badness 10000) in paragraph at lines 326--327

 []


Underfull \hbox (badness 10000) in paragraph at lines 328--329

 []

[5]
Underfull \hbox (badness 10000) in paragraph at lines 355--356

 []


Underfull \hbox (badness 10000) in paragraph at lines 357--358

 []


Underfull \hbox (badness 10000) in paragraph at lines 359--360

 []


Underfull \hbox (badness 10000) in paragraph at lines 361--362

 []


Underfull \hbox (badness 10000) in paragraph at lines 388--389

 []


Underfull \hbox (badness 10000) in paragraph at lines 390--391

 []


Underfull \hbox (badness 10000) in paragraph at lines 392--393

 []


Underfull \hbox (badness 10000) in paragraph at lines 394--395

 []


Underfull \hbox (badness 10000) in paragraph at lines 425--426

 []


Underfull \hbox (badness 10000) in paragraph at lines 427--428

 []


Underfull \hbox (badness 10000) in paragraph at lines 429--430

 []


Underfull \hbox (badness 10000) in paragraph at lines 431--432

 []

[6] [7]
Underfull \hbox (badness 10000) in paragraph at lines 492--493

 []


Underfull \hbox (badness 10000) in paragraph at lines 494--495

 []


Underfull \hbox (badness 10000) in paragraph at lines 496--497

 []


Underfull \hbox (badness 10000) in paragraph at lines 498--499

 []


Underfull \hbox (badness 10000) in paragraph at lines 525--526

 []


Underfull \hbox (badness 10000) in paragraph at lines 527--528

 []


Underfull \hbox (badness 10000) in paragraph at lines 529--530

 []


Underfull \hbox (badness 10000) in paragraph at lines 531--532

 []

[8

] [9]
Underfull \hbox (badness 10000) in paragraph at lines 596--597

 []


Underfull \hbox (badness 10000) in paragraph at lines 598--599

 []


Underfull \hbox (badness 10000) in paragraph at lines 600--601

 []


Underfull \hbox (badness 10000) in paragraph at lines 602--603

 []


Underfull \hbox (badness 10000) in paragraph at lines 633--634

 []


Underfull \hbox (badness 10000) in paragraph at lines 635--636

 []


Underfull \hbox (badness 10000) in paragraph at lines 637--638

 []

[10

] [11]
ignored: Infinite glue shrinkage found in box being split [12

]
Underfull \hbox (badness 10000) in paragraph at lines 856--857

 []


Underfull \hbox (badness 10000) in paragraph at lines 858--859

 []


Underfull \hbox (badness 10000) in paragraph at lines 860--861

 []


Underfull \hbox (badness 10000) in paragraph at lines 862--863

 []

[13]
Underfull \hbox (badness 10000) in paragraph at lines 887--888

 []


Underfull \hbox (badness 10000) in paragraph at lines 889--890

 []


Underfull \hbox (badness 10000) in paragraph at lines 891--892

 []


Underfull \hbox (badness 10000) in paragraph at lines 893--894

 []


Underfull \hbox (badness 10000) in paragraph at lines 914--915

 []


Underfull \hbox (badness 10000) in paragraph at lines 916--917

 []


Underfull \hbox (badness 10000) in paragraph at lines 918--919

 []


Underfull \hbox (badness 10000) in paragraph at lines 920--921

 []


Underfull \hbox (badness 1571) in paragraph at lines 938--940
[]\T1/lmr/bx/n/7 (+20) Internaçőes si-mi-la-res (co-sine): \T1/lmr/m/n/7 (+20) 
#SEM_GHO_31543 (0.736), #SEM_GHO_20694 (0.730), #SEM_GHO_22444 (0.728),
 []


Underfull \hbox (badness 10000) in paragraph at lines 945--946

 []


Underfull \hbox (badness 10000) in paragraph at lines 947--948

 []


Underfull \hbox (badness 10000) in paragraph at lines 949--950

 []


Underfull \hbox (badness 10000) in paragraph at lines 951--952

 []

[14]
Underfull \hbox (badness 10000) in paragraph at lines 972--973

 []


Underfull \hbox (badness 10000) in paragraph at lines 974--975

 []


Underfull \hbox (badness 10000) in paragraph at lines 976--977

 []


Underfull \hbox (badness 10000) in paragraph at lines 978--979

 []


Underfull \hbox (badness 10000) in paragraph at lines 999--1000

 []


Underfull \hbox (badness 10000) in paragraph at lines 1001--1002

 []


Underfull \hbox (badness 10000) in paragraph at lines 1003--1004

 []


Underfull \hbox (badness 10000) in paragraph at lines 1005--1006

 []


Underfull \hbox (badness 10000) in paragraph at lines 1026--1027

 []


Underfull \hbox (badness 10000) in paragraph at lines 1028--1029

 []


Underfull \hbox (badness 10000) in paragraph at lines 1030--1031

 []


Underfull \hbox (badness 10000) in paragraph at lines 1032--1033

 []

[15]
Underfull \hbox (badness 10000) in paragraph at lines 1043--1044

 []


Underfull \hbox (badness 10000) in paragraph at lines 1045--1046

 []


Underfull \hbox (badness 10000) in paragraph at lines 1047--1048

 []


Underfull \hbox (badness 10000) in paragraph at lines 1049--1050

 []


Underfull \hbox (badness 10000) in paragraph at lines 1070--1071

 []


Underfull \hbox (badness 10000) in paragraph at lines 1072--1073

 []


Underfull \hbox (badness 10000) in paragraph at lines 1074--1075

 []


Underfull \hbox (badness 10000) in paragraph at lines 1076--1077

 []


Underfull \hbox (badness 10000) in paragraph at lines 1101--1102

 []


Underfull \hbox (badness 10000) in paragraph at lines 1103--1104

 []


Underfull \hbox (badness 10000) in paragraph at lines 1105--1106

 []

LaTeX Font Info:    Trying to load font information for TS1+lmr on input line 1
107.
(/usr/local/texlive/2026/texmf-dist/tex/latex/lm/ts1lmr.fd
File: ts1lmr.fd 2015/05/01 v1.6.1 Font defs for Latin Modern
)
Underfull \hbox (badness 10000) in paragraph at lines 1107--1108

 []

[16]
Underfull \hbox (badness 10000) in paragraph at lines 1132--1133

 []


Underfull \hbox (badness 10000) in paragraph at lines 1134--1135

 []


Underfull \hbox (badness 10000) in paragraph at lines 1136--1137

 []


Underfull \hbox (badness 10000) in paragraph at lines 1138--1139

 []


Underfull \hbox (badness 10000) in paragraph at lines 1163--1164

 []


Underfull \hbox (badness 10000) in paragraph at lines 1165--1166

 []


Underfull \hbox (badness 10000) in paragraph at lines 1167--1168

 []


Underfull \hbox (badness 10000) in paragraph at lines 1169--1170

 []


Underfull \hbox (badness 1571) in paragraph at lines 1183--1185
[]\T1/lmr/bx/n/7 (+20) Internaçőes si-mi-la-res (co-sine): \T1/lmr/m/n/7 (+20) 
#SEM_GHO_50166 (0.823), #SEM_GHO_68526 (0.818), #SEM_GHO_16092 (0.805),
 []

[17{/usr/local/texlive/2026/texmf-dist/fonts/enc/dvips/lm/lm-ts1.enc}]
Underfull \hbox (badness 10000) in paragraph at lines 1190--1191

 []


Underfull \hbox (badness 10000) in paragraph at lines 1192--1193

 []


Underfull \hbox (badness 10000) in paragraph at lines 1194--1195

 []


Underfull \hbox (badness 10000) in paragraph at lines 1196--1197

 []


Underfull \hbox (badness 10000) in paragraph at lines 1207--1208

 []


Underfull \hbox (badness 10000) in paragraph at lines 1209--1210

 []


Underfull \hbox (badness 10000) in paragraph at lines 1211--1212

 []


Underfull \hbox (badness 10000) in paragraph at lines 1213--1214

 []


Underfull \hbox (badness 10000) in paragraph at lines 1234--1235

 []


Underfull \hbox (badness 10000) in paragraph at lines 1236--1237

 []


Underfull \hbox (badness 10000) in paragraph at lines 1238--1239

 []


Underfull \hbox (badness 10000) in paragraph at lines 1240--1241

 []

[18]
Underfull \hbox (badness 10000) in paragraph at lines 1261--1262

 []


Underfull \hbox (badness 10000) in paragraph at lines 1263--1264

 []


Underfull \hbox (badness 10000) in paragraph at lines 1265--1266

 []


Underfull \hbox (badness 10000) in paragraph at lines 1267--1268

 []


Underfull \hbox (badness 10000) in paragraph at lines 1278--1279

 []


Underfull \hbox (badness 10000) in paragraph at lines 1280--1281

 []


Underfull \hbox (badness 10000) in paragraph at lines 1282--1283

 []


Underfull \hbox (badness 10000) in paragraph at lines 1284--1285

 []


Underfull \hbox (badness 10000) in paragraph at lines 1305--1306

 []


Underfull \hbox (badness 10000) in paragraph at lines 1307--1308

 []


Underfull \hbox (badness 10000) in paragraph at lines 1309--1310

 []


Underfull \hbox (badness 10000) in paragraph at lines 1311--1312

 []

[19]
Underfull \hbox (badness 10000) in paragraph at lines 1336--1337

 []


Underfull \hbox (badness 10000) in paragraph at lines 1338--1339

 []


Underfull \hbox (badness 10000) in paragraph at lines 1340--1341

 []


Underfull \hbox (badness 10000) in paragraph at lines 1342--1343

 []


Underfull \hbox (badness 10000) in paragraph at lines 1353--1354

 []


Underfull \hbox (badness 10000) in paragraph at lines 1355--1356

 []


Underfull \hbox (badness 10000) in paragraph at lines 1357--1358

 []


Underfull \hbox (badness 10000) in paragraph at lines 1359--1360

 []


Underfull \hbox (badness 10000) in paragraph at lines 1380--1381

 []


Underfull \hbox (badness 10000) in paragraph at lines 1382--1383

 []


Underfull \hbox (badness 10000) in paragraph at lines 1384--1385

 []


Underfull \hbox (badness 10000) in paragraph at lines 1386--1387

 []

[20]
Underfull \hbox (badness 10000) in paragraph at lines 1397--1398

 []


Underfull \hbox (badness 10000) in paragraph at lines 1399--1400

 []


Underfull \hbox (badness 10000) in paragraph at lines 1401--1402

 []


Underfull \hbox (badness 10000) in paragraph at lines 1403--1404

 []


Underfull \hbox (badness 10000) in paragraph at lines 1424--1425

 []


Underfull \hbox (badness 10000) in paragraph at lines 1426--1427

 []


Underfull \hbox (badness 10000) in paragraph at lines 1428--1429

 []


Underfull \hbox (badness 10000) in paragraph at lines 1430--1431

 []


Underfull \hbox (badness 10000) in paragraph at lines 1451--1452

 []


Underfull \hbox (badness 10000) in paragraph at lines 1453--1454

 []


Underfull \hbox (badness 10000) in paragraph at lines 1455--1456

 []


Underfull \hbox (badness 10000) in paragraph at lines 1457--1458

 []

[21]
Underfull \hbox (badness 10000) in paragraph at lines 1482--1483

 []


Underfull \hbox (badness 10000) in paragraph at lines 1484--1485

 []


Underfull \hbox (badness 10000) in paragraph at lines 1486--1487

 []


Underfull \hbox (badness 10000) in paragraph at lines 1511--1512

 []


Underfull \hbox (badness 10000) in paragraph at lines 1513--1514

 []


Underfull \hbox (badness 10000) in paragraph at lines 1515--1516

 []


Underfull \hbox (badness 10000) in paragraph at lines 1517--1518

 []

[22]
Underfull \hbox (badness 10000) in paragraph at lines 1542--1543

 []


Underfull \hbox (badness 10000) in paragraph at lines 1544--1545

 []


Underfull \hbox (badness 10000) in paragraph at lines 1546--1547

 []


Underfull \hbox (badness 10000) in paragraph at lines 1548--1549

 []


Underfull \hbox (badness 10000) in paragraph at lines 1559--1560

 []


Underfull \hbox (badness 10000) in paragraph at lines 1561--1562

 []


Underfull \hbox (badness 10000) in paragraph at lines 1563--1564

 []


Underfull \hbox (badness 10000) in paragraph at lines 1565--1566

 []


Underfull \hbox (badness 10000) in paragraph at lines 1586--1587

 []


Underfull \hbox (badness 10000) in paragraph at lines 1588--1589

 []


Underfull \hbox (badness 10000) in paragraph at lines 1590--1591

 []


Underfull \hbox (badness 10000) in paragraph at lines 1592--1593

 []

[23]
Underfull \hbox (badness 10000) in paragraph at lines 1613--1614

 []


Underfull \hbox (badness 10000) in paragraph at lines 1615--1616

 []


Underfull \hbox (badness 10000) in paragraph at lines 1617--1618

 []


Underfull \hbox (badness 10000) in paragraph at lines 1628--1629

 []


Underfull \hbox (badness 10000) in paragraph at lines 1630--1631

 []


Underfull \hbox (badness 10000) in paragraph at lines 1632--1633

 []


Underfull \hbox (badness 10000) in paragraph at lines 1634--1635

 []


Underfull \hbox (badness 10000) in paragraph at lines 1645--1646

 []


Underfull \hbox (badness 10000) in paragraph at lines 1647--1648

 []


Underfull \hbox (badness 10000) in paragraph at lines 1649--1650

 []


Underfull \hbox (badness 10000) in paragraph at lines 1651--1652

 []

[24]
Underfull \hbox (badness 10000) in paragraph at lines 1676--1677

 []


Underfull \hbox (badness 10000) in paragraph at lines 1678--1679

 []


Underfull \hbox (badness 10000) in paragraph at lines 1680--1681

 []


Underfull \hbox (badness 10000) in paragraph at lines 1682--1683

 []


Underfull \hbox (badness 10000) in paragraph at lines 1703--1704

 []


Underfull \hbox (badness 10000) in paragraph at lines 1705--1706

 []


Underfull \hbox (badness 10000) in paragraph at lines 1707--1708

 []


Underfull \hbox (badness 10000) in paragraph at lines 1709--1710

 []


Underfull \hbox (badness 10000) in paragraph at lines 1730--1731

 []


Underfull \hbox (badness 10000) in paragraph at lines 1732--1733

 []


Underfull \hbox (badness 10000) in paragraph at lines 1734--1735

 []

[25]
Underfull \hbox (badness 10000) in paragraph at lines 1745--1746

 []


Underfull \hbox (badness 10000) in paragraph at lines 1747--1748

 []


Underfull \hbox (badness 10000) in paragraph at lines 1749--1750

 []


Underfull \hbox (badness 10000) in paragraph at lines 1751--1752

 []


Underfull \hbox (badness 10000) in paragraph at lines 1772--1773

 []


Underfull \hbox (badness 10000) in paragraph at lines 1774--1775

 []


Underfull \hbox (badness 10000) in paragraph at lines 1776--1777

 []


Underfull \hbox (badness 10000) in paragraph at lines 1778--1779

 []


Underfull \hbox (badness 10000) in paragraph at lines 1799--1800

 []


Underfull \hbox (badness 10000) in paragraph at lines 1801--1802

 []


Underfull \hbox (badness 10000) in paragraph at lines 1803--1804

 []


Underfull \hbox (badness 10000) in paragraph at lines 1805--1806

 []

[26]
Underfull \hbox (badness 10000) in paragraph at lines 1826--1827

 []


Underfull \hbox (badness 10000) in paragraph at lines 1828--1829

 []


Underfull \hbox (badness 10000) in paragraph at lines 1830--1831

 []


Underfull \hbox (badness 10000) in paragraph at lines 1832--1833

 []


Underfull \hbox (badness 10000) in paragraph at lines 1853--1854

 []


Underfull \hbox (badness 10000) in paragraph at lines 1855--1856

 []


Underfull \hbox (badness 10000) in paragraph at lines 1857--1858

 []


Underfull \hbox (badness 10000) in paragraph at lines 1859--1860

 []


Underfull \hbox (badness 10000) in paragraph at lines 1884--1885

 []


Underfull \hbox (badness 10000) in paragraph at lines 1886--1887

 []


Underfull \hbox (badness 10000) in paragraph at lines 1888--1889

 []


Underfull \hbox (badness 10000) in paragraph at lines 1890--1891

 []

[27]
Underfull \hbox (badness 10000) in paragraph at lines 1901--1902

 []


Underfull \hbox (badness 10000) in paragraph at lines 1903--1904

 []


Underfull \hbox (badness 10000) in paragraph at lines 1905--1906

 []


Underfull \hbox (badness 10000) in paragraph at lines 1907--1908

 []


Underfull \hbox (badness 10000) in paragraph at lines 1928--1929

 []


Underfull \hbox (badness 10000) in paragraph at lines 1930--1931

 []


Underfull \hbox (badness 10000) in paragraph at lines 1932--1933

 []


Underfull \hbox (badness 10000) in paragraph at lines 1934--1935

 []


Underfull \hbox (badness 10000) in paragraph at lines 1959--1960

 []


Underfull \hbox (badness 10000) in paragraph at lines 1961--1962

 []


Underfull \hbox (badness 10000) in paragraph at lines 1963--1964

 []


Underfull \hbox (badness 10000) in paragraph at lines 1965--1966

 []

[28]
Underfull \hbox (badness 10000) in paragraph at lines 1986--1987

 []


Underfull \hbox (badness 10000) in paragraph at lines 1988--1989

 []


Underfull \hbox (badness 10000) in paragraph at lines 1990--1991

 []


Underfull \hbox (badness 10000) in paragraph at lines 1992--1993

 []


Underfull \hbox (badness 10000) in paragraph at lines 2013--2014

 []


Underfull \hbox (badness 10000) in paragraph at lines 2015--2016

 []


Underfull \hbox (badness 10000) in paragraph at lines 2017--2018

 []


Underfull \hbox (badness 10000) in paragraph at lines 2019--2020

 []


Underfull \hbox (badness 10000) in paragraph at lines 2030--2031

 []


Underfull \hbox (badness 10000) in paragraph at lines 2032--2033

 []


Underfull \hbox (badness 10000) in paragraph at lines 2034--2035

 []


Underfull \hbox (badness 10000) in paragraph at lines 2036--2037

 []

[29]
Underfull \hbox (badness 10000) in paragraph at lines 2047--2048

 []


Underfull \hbox (badness 10000) in paragraph at lines 2049--2050

 []


Underfull \hbox (badness 10000) in paragraph at lines 2051--2052

 []


Underfull \hbox (badness 10000) in paragraph at lines 2053--2054

 []


Underfull \hbox (badness 10000) in paragraph at lines 2074--2075

 []


Underfull \hbox (badness 10000) in paragraph at lines 2076--2077

 []


Underfull \hbox (badness 10000) in paragraph at lines 2078--2079

 []


Underfull \hbox (badness 10000) in paragraph at lines 2080--2081

 []


Underfull \hbox (badness 10000) in paragraph at lines 2101--2102

 []


Underfull \hbox (badness 10000) in paragraph at lines 2103--2104

 []


Underfull \hbox (badness 10000) in paragraph at lines 2105--2106

 []


Underfull \hbox (badness 10000) in paragraph at lines 2107--2108

 []

[30]
Underfull \hbox (badness 10000) in paragraph at lines 2128--2129

 []


Underfull \hbox (badness 10000) in paragraph at lines 2130--2131

 []


Underfull \hbox (badness 10000) in paragraph at lines 2132--2133

 []


Underfull \hbox (badness 10000) in paragraph at lines 2134--2135

 []


Underfull \hbox (badness 10000) in paragraph at lines 2155--2156

 []


Underfull \hbox (badness 10000) in paragraph at lines 2157--2158

 []


Underfull \hbox (badness 10000) in paragraph at lines 2159--2160

 []


Underfull \hbox (badness 10000) in paragraph at lines 2161--2162

 []

[31]
Underfull \hbox (badness 10000) in paragraph at lines 2182--2183

 []


Underfull \hbox (badness 10000) in paragraph at lines 2184--2185

 []


Underfull \hbox (badness 10000) in paragraph at lines 2186--2187

 []


Underfull \hbox (badness 10000) in paragraph at lines 2188--2189

 []


Underfull \hbox (badness 10000) in paragraph at lines 2199--2200

 []


Underfull \hbox (badness 10000) in paragraph at lines 2201--2202

 []


Underfull \hbox (badness 10000) in paragraph at lines 2203--2204

 []


Underfull \hbox (badness 10000) in paragraph at lines 2205--2206

 []


Underfull \hbox (badness 10000) in paragraph at lines 2216--2217

 []


Underfull \hbox (badness 10000) in paragraph at lines 2218--2219

 []


Underfull \hbox (badness 10000) in paragraph at lines 2220--2221

 []


Underfull \hbox (badness 10000) in paragraph at lines 2222--2223

 []

[32]
Underfull \hbox (badness 10000) in paragraph at lines 2247--2248

 []


Underfull \hbox (badness 10000) in paragraph at lines 2249--2250

 []


Underfull \hbox (badness 10000) in paragraph at lines 2251--2252

 []


Underfull \hbox (badness 10000) in paragraph at lines 2253--2254

 []


Underfull \hbox (badness 10000) in paragraph at lines 2274--2275

 []


Underfull \hbox (badness 10000) in paragraph at lines 2276--2277

 []


Underfull \hbox (badness 10000) in paragraph at lines 2278--2279

 []


Underfull \hbox (badness 10000) in paragraph at lines 2280--2281

 []


Underfull \hbox (badness 10000) in paragraph at lines 2305--2306

 []


Underfull \hbox (badness 10000) in paragraph at lines 2307--2308

 []


Underfull \hbox (badness 10000) in paragraph at lines 2309--2310

 []


Underfull \hbox (badness 10000) in paragraph at lines 2311--2312

 []

[33]
Underfull \hbox (badness 10000) in paragraph at lines 2322--2323

 []


Underfull \hbox (badness 10000) in paragraph at lines 2324--2325

 []


Underfull \hbox (badness 10000) in paragraph at lines 2326--2327

 []


Underfull \hbox (badness 10000) in paragraph at lines 2328--2329

 []


Underfull \hbox (badness 10000) in paragraph at lines 2349--2350

 []


Underfull \hbox (badness 10000) in paragraph at lines 2351--2352

 []


Underfull \hbox (badness 10000) in paragraph at lines 2353--2354

 []


Underfull \hbox (badness 10000) in paragraph at lines 2355--2356

 []


Underfull \hbox (badness 10000) in paragraph at lines 2366--2367

 []


Underfull \hbox (badness 10000) in paragraph at lines 2368--2369

 []


Underfull \hbox (badness 10000) in paragraph at lines 2370--2371

 []


Underfull \hbox (badness 10000) in paragraph at lines 2372--2373

 []

[34]
Underfull \hbox (badness 10000) in paragraph at lines 2383--2384

 []


Underfull \hbox (badness 10000) in paragraph at lines 2385--2386

 []


Underfull \hbox (badness 10000) in paragraph at lines 2387--2388

 []


Underfull \hbox (badness 10000) in paragraph at lines 2389--2390

 []


Underfull \hbox (badness 10000) in paragraph at lines 2414--2415

 []


Underfull \hbox (badness 10000) in paragraph at lines 2416--2417

 []


Underfull \hbox (badness 10000) in paragraph at lines 2418--2419

 []


Underfull \hbox (badness 10000) in paragraph at lines 2420--2421

 []


Underfull \hbox (badness 10000) in paragraph at lines 2441--2442

 []


Underfull \hbox (badness 10000) in paragraph at lines 2443--2444

 []


Underfull \hbox (badness 10000) in paragraph at lines 2445--2446

 []


Underfull \hbox (badness 10000) in paragraph at lines 2447--2448

 []

[35]
Underfull \hbox (badness 10000) in paragraph at lines 2478--2479

 []


Underfull \hbox (badness 10000) in paragraph at lines 2480--2481

 []


Underfull \hbox (badness 10000) in paragraph at lines 2482--2483

 []


Underfull \hbox (badness 10000) in paragraph at lines 2484--2485

 []


Underfull \hbox (badness 10000) in paragraph at lines 2505--2506

 []


Underfull \hbox (badness 10000) in paragraph at lines 2507--2508

 []


Underfull \hbox (badness 10000) in paragraph at lines 2509--2510

 []


Underfull \hbox (badness 10000) in paragraph at lines 2511--2512

 []

[36]
Underfull \hbox (badness 10000) in paragraph at lines 2532--2533

 []


Underfull \hbox (badness 10000) in paragraph at lines 2534--2535

 []


Underfull \hbox (badness 10000) in paragraph at lines 2536--2537

 []


Underfull \hbox (badness 10000) in paragraph at lines 2538--2539

 []


Underfull \hbox (badness 10000) in paragraph at lines 2559--2560

 []


Underfull \hbox (badness 10000) in paragraph at lines 2561--2562

 []


Underfull \hbox (badness 10000) in paragraph at lines 2563--2564

 []


Underfull \hbox (badness 10000) in paragraph at lines 2565--2566

 []


Underfull \hbox (badness 10000) in paragraph at lines 2586--2587

 []


Underfull \hbox (badness 10000) in paragraph at lines 2588--2589

 []


Underfull \hbox (badness 10000) in paragraph at lines 2590--2591

 []


Underfull \hbox (badness 10000) in paragraph at lines 2592--2593

 []

[37]
Underfull \hbox (badness 10000) in paragraph at lines 2613--2614

 []


Underfull \hbox (badness 10000) in paragraph at lines 2615--2616

 []


Underfull \hbox (badness 10000) in paragraph at lines 2617--2618

 []


Underfull \hbox (badness 10000) in paragraph at lines 2619--2620

 []


Underfull \hbox (badness 10000) in paragraph at lines 2640--2641

 []


Underfull \hbox (badness 10000) in paragraph at lines 2642--2643

 []


Underfull \hbox (badness 10000) in paragraph at lines 2644--2645

 []


Underfull \hbox (badness 10000) in paragraph at lines 2646--2647

 []


Underfull \hbox (badness 10000) in paragraph at lines 2657--2658

 []


Underfull \hbox (badness 10000) in paragraph at lines 2659--2660

 []


Underfull \hbox (badness 10000) in paragraph at lines 2661--2662

 []


Underfull \hbox (badness 10000) in paragraph at lines 2663--2664

 []

[38]
Underfull \hbox (badness 10000) in paragraph at lines 2674--2675

 []


Underfull \hbox (badness 10000) in paragraph at lines 2676--2677

 []


Underfull \hbox (badness 10000) in paragraph at lines 2678--2679

 []


Underfull \hbox (badness 10000) in paragraph at lines 2680--2681

 []


Underfull \hbox (badness 10000) in paragraph at lines 2691--2692

 []


Underfull \hbox (badness 10000) in paragraph at lines 2693--2694

 []


Underfull \hbox (badness 10000) in paragraph at lines 2695--2696

 []


Underfull \hbox (badness 10000) in paragraph at lines 2697--2698

 []


Underfull \hbox (badness 10000) in paragraph at lines 2718--2719

 []


Underfull \hbox (badness 10000) in paragraph at lines 2720--2721

 []


Underfull \hbox (badness 10000) in paragraph at lines 2722--2723

 []


Underfull \hbox (badness 10000) in paragraph at lines 2724--2725

 []


Underfull \hbox (badness 10000) in paragraph at lines 2745--2746

 []


Underfull \hbox (badness 10000) in paragraph at lines 2747--2748

 []


Underfull \hbox (badness 10000) in paragraph at lines 2749--2750

 []


Underfull \hbox (badness 10000) in paragraph at lines 2751--2752

 []

[39]
Underfull \hbox (badness 10000) in paragraph at lines 2762--2763

 []


Underfull \hbox (badness 10000) in paragraph at lines 2764--2765

 []


Underfull \hbox (badness 10000) in paragraph at lines 2766--2767

 []


Underfull \hbox (badness 10000) in paragraph at lines 2768--2769

 []


Underfull \hbox (badness 10000) in paragraph at lines 2789--2790

 []


Underfull \hbox (badness 10000) in paragraph at lines 2791--2792

 []


Underfull \hbox (badness 10000) in paragraph at lines 2793--2794

 []


Underfull \hbox (badness 10000) in paragraph at lines 2795--2796

 []


Underfull \hbox (badness 10000) in paragraph at lines 2816--2817

 []


Underfull \hbox (badness 10000) in paragraph at lines 2818--2819

 []


Underfull \hbox (badness 10000) in paragraph at lines 2820--2821

 []


Underfull \hbox (badness 10000) in paragraph at lines 2822--2823

 []

[40]
Underfull \hbox (badness 10000) in paragraph at lines 2833--2834

 []


Underfull \hbox (badness 10000) in paragraph at lines 2835--2836

 []


Underfull \hbox (badness 10000) in paragraph at lines 2837--2838

 []


Underfull \hbox (badness 10000) in paragraph at lines 2839--2840

 []


Underfull \hbox (badness 10000) in paragraph at lines 2864--2865

 []


Underfull \hbox (badness 10000) in paragraph at lines 2866--2867

 []


Underfull \hbox (badness 10000) in paragraph at lines 2868--2869

 []


Underfull \hbox (badness 10000) in paragraph at lines 2870--2871

 []

[41] [42]
Underfull \hbox (badness 10000) in paragraph at lines 2925--2926

 []


Underfull \hbox (badness 10000) in paragraph at lines 2927--2928

 []


Underfull \hbox (badness 10000) in paragraph at lines 2929--2930

 []


Underfull \hbox (badness 10000) in paragraph at lines 2931--2932

 []


Underfull \hbox (badness 10000) in paragraph at lines 2958--2959

 []


Underfull \hbox (badness 10000) in paragraph at lines 2960--2961

 []


Underfull \hbox (badness 10000) in paragraph at lines 2962--2963

 []


Underfull \hbox (badness 10000) in paragraph at lines 2964--2965

 []

[43

] [44]
Underfull \hbox (badness 10000) in paragraph at lines 3055--3056

 []


Underfull \hbox (badness 10000) in paragraph at lines 3057--3058

 []


Underfull \hbox (badness 10000) in paragraph at lines 3059--3060

 []


Underfull \hbox (badness 10000) in paragraph at lines 3090--3091

 []


Underfull \hbox (badness 10000) in paragraph at lines 3092--3093

 []


Underfull \hbox (badness 10000) in paragraph at lines 3094--3095

 []


Underfull \hbox (badness 10000) in paragraph at lines 3096--3097

 []

[45

]
Underfull \hbox (badness 10000) in paragraph at lines 3127--3128

 []


Underfull \hbox (badness 10000) in paragraph at lines 3129--3130

 []


Underfull \hbox (badness 10000) in paragraph at lines 3131--3132

 []


Underfull \hbox (badness 10000) in paragraph at lines 3133--3134

 []


Underfull \hbox (badness 10000) in paragraph at lines 3164--3165

 []


Underfull \hbox (badness 10000) in paragraph at lines 3166--3167

 []


Underfull \hbox (badness 10000) in paragraph at lines 3168--3169

 []


Underfull \hbox (badness 10000) in paragraph at lines 3170--3171

 []

[46]
Underfull \hbox (badness 10000) in paragraph at lines 3201--3202

 []


Underfull \hbox (badness 10000) in paragraph at lines 3203--3204

 []


Underfull \hbox (badness 10000) in paragraph at lines 3205--3206

 []


Underfull \hbox (badness 10000) in paragraph at lines 3207--3208

 []


Underfull \hbox (badness 10000) in paragraph at lines 3238--3239

 []


Underfull \hbox (badness 10000) in paragraph at lines 3240--3241

 []


Underfull \hbox (badness 10000) in paragraph at lines 3242--3243

 []


Underfull \hbox (badness 10000) in paragraph at lines 3244--3245

 []

[47]
Underfull \hbox (badness 10000) in paragraph at lines 3271--3272

 []


Underfull \hbox (badness 10000) in paragraph at lines 3273--3274

 []


Underfull \hbox (badness 10000) in paragraph at lines 3275--3276

 []


Underfull \hbox (badness 10000) in paragraph at lines 3306--3307

 []


Underfull \hbox (badness 10000) in paragraph at lines 3308--3309

 []


Underfull \hbox (badness 10000) in paragraph at lines 3310--3311

 []


Underfull \hbox (badness 10000) in paragraph at lines 3312--3313

 []

[48]
Underfull \hbox (badness 10000) in paragraph at lines 3343--3344

 []


Underfull \hbox (badness 10000) in paragraph at lines 3345--3346

 []


Underfull \hbox (badness 10000) in paragraph at lines 3347--3348

 []


Underfull \hbox (badness 10000) in paragraph at lines 3349--3350

 []


Underfull \hbox (badness 10000) in paragraph at lines 3380--3381

 []


Underfull \hbox (badness 10000) in paragraph at lines 3382--3383

 []


Underfull \hbox (badness 10000) in paragraph at lines 3384--3385

 []


Underfull \hbox (badness 10000) in paragraph at lines 3386--3387

 []


Underfull \hbox (badness 10000) in paragraph at lines 3417--3418

 []


Underfull \hbox (badness 10000) in paragraph at lines 3419--3420

 []


Underfull \hbox (badness 10000) in paragraph at lines 3421--3422

 []


Underfull \hbox (badness 10000) in paragraph at lines 3423--3424

 []

[49]
Underfull \hbox (badness 10000) in paragraph at lines 3454--3455

 []


Underfull \hbox (badness 10000) in paragraph at lines 3456--3457

 []


Underfull \hbox (badness 10000) in paragraph at lines 3458--3459

 []


Underfull \hbox (badness 10000) in paragraph at lines 3460--3461

 []


Underfull \hbox (badness 10000) in paragraph at lines 3491--3492

 []


Underfull \hbox (badness 10000) in paragraph at lines 3493--3494

 []


Underfull \hbox (badness 10000) in paragraph at lines 3495--3496

 []


Underfull \hbox (badness 10000) in paragraph at lines 3497--3498

 []

[50]
Underfull \hbox (badness 10000) in paragraph at lines 3528--3529

 []


Underfull \hbox (badness 10000) in paragraph at lines 3530--3531

 []


Underfull \hbox (badness 10000) in paragraph at lines 3532--3533

 []


Underfull \hbox (badness 10000) in paragraph at lines 3534--3535

 []


Underfull \hbox (badness 10000) in paragraph at lines 3565--3566

 []


Underfull \hbox (badness 10000) in paragraph at lines 3567--3568

 []


Underfull \hbox (badness 10000) in paragraph at lines 3569--3570

 []


Underfull \hbox (badness 10000) in paragraph at lines 3571--3572

 []

[51]
Underfull \hbox (badness 10000) in paragraph at lines 3602--3603

 []


Underfull \hbox (badness 10000) in paragraph at lines 3604--3605

 []


Underfull \hbox (badness 10000) in paragraph at lines 3606--3607

 []


Underfull \hbox (badness 10000) in paragraph at lines 3608--3609

 []


Underfull \hbox (badness 10000) in paragraph at lines 3639--3640

 []


Underfull \hbox (badness 10000) in paragraph at lines 3641--3642

 []


Underfull \hbox (badness 10000) in paragraph at lines 3643--3644

 []

[52] [53]
Underfull \hbox (badness 10000) in paragraph at lines 3730--3731

 []


Underfull \hbox (badness 10000) in paragraph at lines 3732--3733

 []


Underfull \hbox (badness 10000) in paragraph at lines 3734--3735

 []


Underfull \hbox (badness 10000) in paragraph at lines 3765--3766

 []


Underfull \hbox (badness 10000) in paragraph at lines 3767--3768

 []


Underfull \hbox (badness 10000) in paragraph at lines 3769--3770

 []

[54

]
Underfull \hbox (badness 10000) in paragraph at lines 3800--3801

 []


Underfull \hbox (badness 10000) in paragraph at lines 3802--3803

 []


Underfull \hbox (badness 10000) in paragraph at lines 3804--3805

 []


Underfull \hbox (badness 10000) in paragraph at lines 3831--3832

 []


Underfull \hbox (badness 10000) in paragraph at lines 3833--3834

 []


Underfull \hbox (badness 10000) in paragraph at lines 3835--3836

 []


Underfull \hbox (badness 10000) in paragraph at lines 3837--3838

 []

[55]
Underfull \hbox (badness 10000) in paragraph at lines 3864--3865

 []


Underfull \hbox (badness 10000) in paragraph at lines 3866--3867

 []


Underfull \hbox (badness 10000) in paragraph at lines 3868--3869

 []


Underfull \hbox (badness 10000) in paragraph at lines 3870--3871

 []


Underfull \hbox (badness 10000) in paragraph at lines 3901--3902

 []


Underfull \hbox (badness 10000) in paragraph at lines 3903--3904

 []


Underfull \hbox (badness 10000) in paragraph at lines 3905--3906

 []


Underfull \hbox (badness 10000) in paragraph at lines 3907--3908

 []


Underfull \hbox (badness 10000) in paragraph at lines 3934--3935

 []


Underfull \hbox (badness 10000) in paragraph at lines 3936--3937

 []


Underfull \hbox (badness 10000) in paragraph at lines 3938--3939

 []

[56]
Underfull \hbox (badness 10000) in paragraph at lines 3969--3970

 []


Underfull \hbox (badness 10000) in paragraph at lines 3971--3972

 []


Underfull \hbox (badness 10000) in paragraph at lines 3973--3974

 []


Underfull \hbox (badness 10000) in paragraph at lines 4004--4005

 []


Underfull \hbox (badness 10000) in paragraph at lines 4006--4007

 []


Underfull \hbox (badness 10000) in paragraph at lines 4008--4009

 []

[57]
Underfull \hbox (badness 10000) in paragraph at lines 4035--4036

 []


Underfull \hbox (badness 10000) in paragraph at lines 4037--4038

 []


Underfull \hbox (badness 10000) in paragraph at lines 4039--4040

 []


Underfull \hbox (badness 10000) in paragraph at lines 4041--4042

 []


Underfull \hbox (badness 10000) in paragraph at lines 4068--4069

 []


Underfull \hbox (badness 10000) in paragraph at lines 4070--4071

 []


Underfull \hbox (badness 10000) in paragraph at lines 4072--4073

 []


Underfull \hbox (badness 10000) in paragraph at lines 4074--4075

 []


Underfull \hbox (badness 10000) in paragraph at lines 4101--4102

 []


Underfull \hbox (badness 10000) in paragraph at lines 4103--4104

 []


Underfull \hbox (badness 10000) in paragraph at lines 4105--4106

 []


Underfull \hbox (badness 10000) in paragraph at lines 4107--4108

 []

[58]
Underfull \hbox (badness 10000) in paragraph at lines 4134--4135

 []


Underfull \hbox (badness 10000) in paragraph at lines 4136--4137

 []


Underfull \hbox (badness 10000) in paragraph at lines 4138--4139

 []


Underfull \hbox (badness 10000) in paragraph at lines 4140--4141

 []

[59]
Underfull \hbox (badness 10000) in paragraph at lines 4203--4204

 []


Underfull \hbox (badness 10000) in paragraph at lines 4205--4206

 []


Underfull \hbox (badness 10000) in paragraph at lines 4207--4208

 []


Underfull \hbox (badness 10000) in paragraph at lines 4209--4210

 []

[60

]
Underfull \hbox (badness 10000) in paragraph at lines 4309--4310

 []


Underfull \hbox (badness 10000) in paragraph at lines 4311--4312

 []


Underfull \hbox (badness 10000) in paragraph at lines 4313--4314

 []


Underfull \hbox (badness 10000) in paragraph at lines 4315--4316

 []

[61

]
Underfull \hbox (badness 10000) in paragraph at lines 4340--4341

 []


Underfull \hbox (badness 10000) in paragraph at lines 4342--4343

 []


Underfull \hbox (badness 10000) in paragraph at lines 4344--4345

 []


Underfull \hbox (badness 10000) in paragraph at lines 4346--4347

 []


Underfull \hbox (badness 10000) in paragraph at lines 4357--4358

 []


Underfull \hbox (badness 10000) in paragraph at lines 4359--4360

 []


Underfull \hbox (badness 10000) in paragraph at lines 4361--4362

 []


Underfull \hbox (badness 10000) in paragraph at lines 4363--4364

 []


Underfull \hbox (badness 10000) in paragraph at lines 4384--4385

 []


Underfull \hbox (badness 10000) in paragraph at lines 4386--4387

 []


Underfull \hbox (badness 10000) in paragraph at lines 4388--4389

 []


Underfull \hbox (badness 10000) in paragraph at lines 4390--4391

 []


Underfull \hbox (badness 10000) in paragraph at lines 4415--4416

 []


Underfull \hbox (badness 10000) in paragraph at lines 4417--4418

 []


Underfull \hbox (badness 10000) in paragraph at lines 4419--4420

 []


Underfull \hbox (badness 10000) in paragraph at lines 4421--4422

 []

[62]
Underfull \hbox (badness 10000) in paragraph at lines 4442--4443

 []


Underfull \hbox (badness 10000) in paragraph at lines 4444--4445

 []


Underfull \hbox (badness 10000) in paragraph at lines 4446--4447

 []


Underfull \hbox (badness 10000) in paragraph at lines 4467--4468

 []


Underfull \hbox (badness 10000) in paragraph at lines 4469--4470

 []


Underfull \hbox (badness 10000) in paragraph at lines 4471--4472

 []


Underfull \hbox (badness 10000) in paragraph at lines 4473--4474

 []


Underfull \hbox (badness 10000) in paragraph at lines 4484--4485

 []


Underfull \hbox (badness 10000) in paragraph at lines 4486--4487

 []


Underfull \hbox (badness 10000) in paragraph at lines 4488--4489

 []


Underfull \hbox (badness 10000) in paragraph at lines 4490--4491

 []

[63]
Underfull \hbox (badness 10000) in paragraph at lines 4511--4512

 []


Underfull \hbox (badness 10000) in paragraph at lines 4513--4514

 []


Underfull \hbox (badness 10000) in paragraph at lines 4515--4516

 []


Underfull \hbox (badness 10000) in paragraph at lines 4517--4518

 []


Underfull \hbox (badness 10000) in paragraph at lines 4528--4529

 []


Underfull \hbox (badness 10000) in paragraph at lines 4530--4531

 []


Underfull \hbox (badness 10000) in paragraph at lines 4532--4533

 []


Underfull \hbox (badness 10000) in paragraph at lines 4534--4535

 []


Underfull \hbox (badness 10000) in paragraph at lines 4545--4546

 []


Underfull \hbox (badness 10000) in paragraph at lines 4547--4548

 []


Underfull \hbox (badness 10000) in paragraph at lines 4549--4550

 []


Underfull \hbox (badness 10000) in paragraph at lines 4551--4552

 []

[64]
Underfull \hbox (badness 10000) in paragraph at lines 4572--4573

 []


Underfull \hbox (badness 10000) in paragraph at lines 4574--4575

 []


Underfull \hbox (badness 10000) in paragraph at lines 4576--4577

 []


Underfull \hbox (badness 10000) in paragraph at lines 4578--4579

 []


Underfull \hbox (badness 10000) in paragraph at lines 4599--4600

 []


Underfull \hbox (badness 10000) in paragraph at lines 4601--4602

 []


Underfull \hbox (badness 10000) in paragraph at lines 4603--4604

 []


Underfull \hbox (badness 10000) in paragraph at lines 4605--4606

 []


Underfull \hbox (badness 10000) in paragraph at lines 4626--4627

 []


Underfull \hbox (badness 10000) in paragraph at lines 4628--4629

 []


Underfull \hbox (badness 10000) in paragraph at lines 4630--4631

 []


Underfull \hbox (badness 10000) in paragraph at lines 4632--4633

 []

[65]
Underfull \hbox (badness 10000) in paragraph at lines 4653--4654

 []


Underfull \hbox (badness 10000) in paragraph at lines 4655--4656

 []


Underfull \hbox (badness 10000) in paragraph at lines 4657--4658

 []


Underfull \hbox (badness 10000) in paragraph at lines 4659--4660

 []


Underfull \hbox (badness 10000) in paragraph at lines 4684--4685

 []


Underfull \hbox (badness 10000) in paragraph at lines 4686--4687

 []


Underfull \hbox (badness 10000) in paragraph at lines 4688--4689

 []


Underfull \hbox (badness 10000) in paragraph at lines 4690--4691

 []


Underfull \hbox (badness 10000) in paragraph at lines 4701--4702

 []


Underfull \hbox (badness 10000) in paragraph at lines 4703--4704

 []


Underfull \hbox (badness 10000) in paragraph at lines 4705--4706

 []


Underfull \hbox (badness 10000) in paragraph at lines 4707--4708

 []

[66]
Underfull \hbox (badness 10000) in paragraph at lines 4732--4733

 []


Underfull \hbox (badness 10000) in paragraph at lines 4734--4735

 []


Underfull \hbox (badness 10000) in paragraph at lines 4736--4737

 []


Underfull \hbox (badness 10000) in paragraph at lines 4738--4739

 []


Underfull \hbox (badness 10000) in paragraph at lines 4759--4760

 []


Underfull \hbox (badness 10000) in paragraph at lines 4761--4762

 []


Underfull \hbox (badness 10000) in paragraph at lines 4763--4764

 []


Underfull \hbox (badness 10000) in paragraph at lines 4784--4785

 []


Underfull \hbox (badness 10000) in paragraph at lines 4786--4787

 []


Underfull \hbox (badness 10000) in paragraph at lines 4788--4789

 []


Underfull \hbox (badness 10000) in paragraph at lines 4790--4791

 []

[67] [68]
Underfull \hbox (badness 10000) in paragraph at lines 4855--4856

 []


Underfull \hbox (badness 10000) in paragraph at lines 4857--4858

 []


Underfull \hbox (badness 10000) in paragraph at lines 4859--4860

 []


Underfull \hbox (badness 10000) in paragraph at lines 4861--4862

 []


Underfull \hbox (badness 10000) in paragraph at lines 4888--4889

 []


Underfull \hbox (badness 10000) in paragraph at lines 4890--4891

 []


Underfull \hbox (badness 10000) in paragraph at lines 4892--4893

 []

[69

]
Underfull \hbox (badness 10000) in paragraph at lines 4919--4920

 []


Underfull \hbox (badness 10000) in paragraph at lines 4921--4922

 []


Underfull \hbox (badness 10000) in paragraph at lines 4923--4924

 []


Underfull \hbox (badness 10000) in paragraph at lines 4954--4955

 []


Underfull \hbox (badness 10000) in paragraph at lines 4956--4957

 []


Underfull \hbox (badness 10000) in paragraph at lines 4958--4959

 []


Underfull \hbox (badness 10000) in paragraph at lines 4985--4986

 []


Underfull \hbox (badness 10000) in paragraph at lines 4987--4988

 []


Underfull \hbox (badness 10000) in paragraph at lines 4989--4990

 []


Underfull \hbox (badness 10000) in paragraph at lines 4991--4992

 []

[70]
Underfull \hbox (badness 10000) in paragraph at lines 5018--5019

 []


Underfull \hbox (badness 10000) in paragraph at lines 5020--5021

 []


Underfull \hbox (badness 10000) in paragraph at lines 5022--5023

 []


Underfull \hbox (badness 10000) in paragraph at lines 5024--5025

 []


Underfull \hbox (badness 10000) in paragraph at lines 5051--5052

 []


Underfull \hbox (badness 10000) in paragraph at lines 5053--5054

 []


Underfull \hbox (badness 10000) in paragraph at lines 5055--5056

 []

[71]
Underfull \hbox (badness 10000) in paragraph at lines 5086--5087

 []


Underfull \hbox (badness 10000) in paragraph at lines 5088--5089

 []


Underfull \hbox (badness 10000) in paragraph at lines 5090--5091

 []


Underfull \hbox (badness 10000) in paragraph at lines 5092--5093

 []


Underfull \hbox (badness 10000) in paragraph at lines 5119--5120

 []


Underfull \hbox (badness 10000) in paragraph at lines 5121--5122

 []


Underfull \hbox (badness 10000) in paragraph at lines 5123--5124

 []

[72]
Underfull \hbox (badness 10000) in paragraph at lines 5150--5151

 []


Underfull \hbox (badness 10000) in paragraph at lines 5152--5153

 []


Underfull \hbox (badness 10000) in paragraph at lines 5154--5155

 []


Underfull \hbox (badness 10000) in paragraph at lines 5181--5182

 []


Underfull \hbox (badness 10000) in paragraph at lines 5183--5184

 []


Underfull \hbox (badness 10000) in paragraph at lines 5185--5186

 []


Underfull \hbox (badness 10000) in paragraph at lines 5212--5213

 []


Underfull \hbox (badness 10000) in paragraph at lines 5214--5215

 []


Underfull \hbox (badness 10000) in paragraph at lines 5216--5217

 []

[73] [74]
Underfull \hbox (badness 10000) in paragraph at lines 5281--5282

 []


Underfull \hbox (badness 10000) in paragraph at lines 5283--5284

 []


Underfull \hbox (badness 10000) in paragraph at lines 5285--5286

 []


Underfull \hbox (badness 10000) in paragraph at lines 5287--5288

 []


Underfull \hbox (badness 10000) in paragraph at lines 5314--5315

 []


Underfull \hbox (badness 10000) in paragraph at lines 5316--5317

 []


Underfull \hbox (badness 10000) in paragraph at lines 5318--5319

 []

[75

] [76]
Underfull \hbox (badness 10000) in paragraph at lines 5381--5382

 []


Underfull \hbox (badness 10000) in paragraph at lines 5383--5384

 []


Underfull \hbox (badness 10000) in paragraph at lines 5385--5386

 []


Underfull \hbox (badness 10000) in paragraph at lines 5387--5388

 []

[77

]
Underfull \hbox (badness 10000) in paragraph at lines 5444--5445

 []


Underfull \hbox (badness 10000) in paragraph at lines 5446--5447

 []


Underfull \hbox (badness 10000) in paragraph at lines 5448--5449

 []


Underfull \hbox (badness 10000) in paragraph at lines 5450--5451

 []

[78

]
Underfull \hbox (badness 10000) in paragraph at lines 5496--5497

 []


Underfull \hbox (badness 10000) in paragraph at lines 5498--5499

 []


Underfull \hbox (badness 10000) in paragraph at lines 5500--5501

 []


Underfull \hbox (badness 10000) in paragraph at lines 5502--5503

 []


Underfull \hbox (badness 10000) in paragraph at lines 5513--5514

 []


Underfull \hbox (badness 10000) in paragraph at lines 5515--5516

 []


Underfull \hbox (badness 10000) in paragraph at lines 5517--5518

 []


Underfull \hbox (badness 10000) in paragraph at lines 5519--5520

 []


Underfull \hbox (badness 10000) in paragraph at lines 5530--5531

 []


Underfull \hbox (badness 10000) in paragraph at lines 5532--5533

 []


Underfull \hbox (badness 10000) in paragraph at lines 5534--5535

 []

[79

] [80]
LaTeX Font Info:    Trying to load font information for T1+lmtt on input line 5
583.
 (/usr/local/texlive/2026/texmf-dist/tex/latex/lm/t1lmtt.fd
File: t1lmtt.fd 2015/05/01 v1.6.1 Font defs for Latin Modern
)
Package microtype Info: Loading generic protrusion settings for font family
(microtype)             `lmtt' (encoding: T1).
(microtype)             For optimal results, create family-specific settings.
(microtype)             See the microtype manual for details.
 [81

]
(/Users/josaum/projects/jcube/reports/anomaly_report_2026_03.aux)
 ***********
LaTeX2e <2025-11-01>
L3 programming layer <2026-01-19>
 ***********
Package rerunfilecheck Info: File `anomaly_report_2026_03.out' has not changed.

(rerunfilecheck)             Checksum: 2BF2095A3CD7BE289506867B074BBD28;5792.
 ) 
Here is how much of TeX's memory you used:
 29324 strings out of 467525
 569661 string characters out of 5418983
 1091093 words of memory out of 5000000
 57309 multiletter control sequences out of 15000+600000
 717937 words of font info for 241 fonts, out of 8000000 for 9000
 1141 hyphenation exceptions out of 8191
 116i,13n,121p,1056b,1055s stack positions out of 10000i,1000n,20000p,200000b,200000s
</usr/local/texlive/2026/texmf-dist/fonts/type1/public/lm/lmbx10.pfb></usr/lo
cal/texlive/2026/texmf-dist/fonts/type1/public/lm/lmbx12.pfb></usr/local/texliv
e/2026/texmf-dist/fonts/type1/public/lm/lmbx7.pfb></usr/local/texlive/2026/texm
f-dist/fonts/type1/public/lm/lmbx8.pfb></usr/local/texlive/2026/texmf-dist/font
s/type1/public/lm/lmbx9.pfb></usr/local/texlive/2026/texmf-dist/fonts/type1/pub
lic/lm/lmmi10.pfb></usr/local/texlive/2026/texmf-dist/fonts/type1/public/lm/lmm
i7.pfb></usr/local/texlive/2026/texmf-dist/fonts/type1/public/lm/lmmi9.pfb></us
r/local/texlive/2026/texmf-dist/fonts/type1/public/lm/lmr10.pfb></usr/local/tex
live/2026/texmf-dist/fonts/type1/public/lm/lmr12.pfb></usr/local/texlive/2026/t
exmf-dist/fonts/type1/public/lm/lmr7.pfb></usr/local/texlive/2026/texmf-dist/fo
nts/type1/public/lm/lmr8.pfb></usr/local/texlive/2026/texmf-dist/fonts/type1/pu
blic/lm/lmr9.pfb></usr/local/texlive/2026/texmf-dist/fonts/type1/public/lm/lmri
10.pfb></usr/local/texlive/2026/texmf-dist/fonts/type1/public/lm/lmsy10.pfb></u
sr/local/texlive/2026/texmf-dist/fonts/type1/public/lm/lmsy7.pfb></usr/local/te
xlive/2026/texmf-dist/fonts/type1/public/lm/lmsy8.pfb></usr/local/texlive/2026/
texmf-dist/fonts/type1/public/lm/lmsy9.pfb></usr/local/texlive/2026/texmf-dist/
fonts/type1/public/lm/lmtt10.pfb>
Output written on /Users/josaum/projects/jcube/reports/anomaly_report_2026_03.p
df (82 pages, 655316 bytes).
PDF statistics:
 749 PDF objects out of 1000 (max. 8388607)
 617 compressed objects within 7 object streams
 145 named destinations out of 1000 (max. 500000)
 52093 words of extra memory for PDF output out of 61914 (max. 10000000)

