\BOOKMARK [1][-]{section.1}{\376\377\000S\000u\000m\000\341\000r\000i\000o\000\040\000E\000x\000e\000c\000u\000t\000i\000v\000o}{}% 1
\BOOKMARK [2][-]{subsection.1.1}{\376\377\000M\000\351\000t\000r\000i\000c\000a\000s\000\040\000G\000l\000o\000b\000a\000i\000s}{section.1}% 2
\BOOKMARK [2][-]{subsection.1.2}{\376\377\000A\000n\000o\000m\000a\000l\000i\000a\000s\000\040\000p\000o\000r\000\040\000S\000i\000s\000t\000e\000m\000a\000\040\000H\000o\000s\000p\000i\000t\000a\000l\000a\000r}{section.1}% 3
\BOOKMARK [1][-]{section.2}{\376\377\000G\000H\000O\000-\000A\000B\000E\000R\000T\000T\000A}{}% 4
\BOOKMARK [2][-]{subsection.2.1}{\376\377\000T\000a\000b\000e\000l\000a\000\040\000R\000e\000s\000u\000m\000o}{section.2}% 5
\BOOKMARK [2][-]{subsection.2.2}{\376\377\000F\000i\000c\000h\000a\000s\000\040\000D\000e\000t\000a\000l\000h\000a\000d\000a\000s}{section.2}% 6
\BOOKMARK [1][-]{section.3}{\376\377\000G\000H\000O\000-\000A\000P\000U\000B}{}% 7
\BOOKMARK [2][-]{subsection.3.1}{\376\377\000T\000a\000b\000e\000l\000a\000\040\000R\000e\000s\000u\000m\000o}{section.3}% 8
\BOOKMARK [2][-]{subsection.3.2}{\376\377\000F\000i\000c\000h\000a\000s\000\040\000D\000e\000t\000a\000l\000h\000a\000d\000a\000s}{section.3}% 9
\BOOKMARK [1][-]{section.4}{\376\377\000G\000H\000O\000-\000A\000S\000F\000E\000B}{}% 10
\BOOKMARK [2][-]{subsection.4.1}{\376\377\000T\000a\000b\000e\000l\000a\000\040\000R\000e\000s\000u\000m\000o}{section.4}% 11
\BOOKMARK [2][-]{subsection.4.2}{\376\377\000F\000i\000c\000h\000a\000s\000\040\000D\000e\000t\000a\000l\000h\000a\000d\000a\000s}{section.4}% 12
\BOOKMARK [1][-]{section.5}{\376\377\000G\000H\000O\000-\000B\000R\000A\000D\000E\000S\000C\000O}{}% 13
\BOOKMARK [2][-]{subsection.5.1}{\376\377\000T\000a\000b\000e\000l\000a\000\040\000R\000e\000s\000u\000m\000o}{section.5}% 14
\BOOKMARK [2][-]{subsection.5.2}{\376\377\000F\000i\000c\000h\000a\000s\000\040\000D\000e\000t\000a\000l\000h\000a\000d\000a\000s}{section.5}% 15
\BOOKMARK [1][-]{section.6}{\376\377\000G\000H\000O\000-\000C\000O\000P\000E\000L}{}% 16
\BOOKMARK [2][-]{subsection.6.1}{\376\377\000T\000a\000b\000e\000l\000a\000\040\000R\000e\000s\000u\000m\000o}{section.6}% 17
\BOOKMARK [2][-]{subsection.6.2}{\376\377\000F\000i\000c\000h\000a\000s\000\040\000D\000e\000t\000a\000l\000h\000a\000d\000a\000s}{section.6}% 18
\BOOKMARK [1][-]{section.7}{\376\377\000G\000H\000O\000-\000I\000C\000S}{}% 19
\BOOKMARK [2][-]{subsection.7.1}{\376\377\000T\000a\000b\000e\000l\000a\000\040\000R\000e\000s\000u\000m\000o}{section.7}% 20
\BOOKMARK [2][-]{subsection.7.2}{\376\377\000F\000i\000c\000h\000a\000s\000\040\000D\000e\000t\000a\000l\000h\000a\000d\000a\000s}{section.7}% 21
\BOOKMARK [1][-]{section.8}{\376\377\000G\000H\000O\000-\000I\000P\000A\000S\000G\000O}{}% 22
\BOOKMARK [2][-]{subsection.8.1}{\376\377\000T\000a\000b\000e\000l\000a\000\040\000R\000e\000s\000u\000m\000o}{section.8}% 23
\BOOKMARK [2][-]{subsection.8.2}{\376\377\000F\000i\000c\000h\000a\000s\000\040\000D\000e\000t\000a\000l\000h\000a\000d\000a\000s}{section.8}% 24
\BOOKMARK [1][-]{section.9}{\376\377\000G\000H\000O\000-\000K\000L\000I\000N\000I}{}% 25
\BOOKMARK [2][-]{subsection.9.1}{\376\377\000T\000a\000b\000e\000l\000a\000\040\000R\000e\000s\000u\000m\000o}{section.9}% 26
\BOOKMARK [2][-]{subsection.9.2}{\376\377\000F\000i\000c\000h\000a\000s\000\040\000D\000e\000t\000a\000l\000h\000a\000d\000a\000s}{section.9}% 27
\BOOKMARK [1][-]{section.10}{\376\377\000G\000H\000O\000-\000P\000E\000T\000R\000O\000B\000R\000A\000S}{}% 28
\BOOKMARK [2][-]{subsection.10.1}{\376\377\000T\000a\000b\000e\000l\000a\000\040\000R\000e\000s\000u\000m\000o}{section.10}% 29
\BOOKMARK [2][-]{subsection.10.2}{\376\377\000F\000i\000c\000h\000a\000s\000\040\000D\000e\000t\000a\000l\000h\000a\000d\000a\000s}{section.10}% 30
\BOOKMARK [1][-]{section.11}{\376\377\000G\000H\000O\000-\000P\000O\000S\000T\000A\000L}{}% 31
\BOOKMARK [2][-]{subsection.11.1}{\376\377\000T\000a\000b\000e\000l\000a\000\040\000R\000e\000s\000u\000m\000o}{section.11}% 32
\BOOKMARK [2][-]{subsection.11.2}{\376\377\000F\000i\000c\000h\000a\000s\000\040\000D\000e\000t\000a\000l\000h\000a\000d\000a\000s}{section.11}% 33
\BOOKMARK [1][-]{section.12}{\376\377\000G\000H\000O\000-\000R\000E\000A\000L\000G\000R\000A\000N\000D\000E\000Z\000A}{}% 34
\BOOKMARK [2][-]{subsection.12.1}{\376\377\000T\000a\000b\000e\000l\000a\000\040\000R\000e\000s\000u\000m\000o}{section.12}% 35
\BOOKMARK [2][-]{subsection.12.2}{\376\377\000F\000i\000c\000h\000a\000s\000\040\000D\000e\000t\000a\000l\000h\000a\000d\000a\000s}{section.12}% 36
\BOOKMARK [1][-]{section.13}{\376\377\000G\000H\000O\000-\000S\000A\000M\000I}{}% 37
\BOOKMARK [2][-]{subsection.13.1}{\376\377\000T\000a\000b\000e\000l\000a\000\040\000R\000e\000s\000u\000m\000o}{section.13}% 38
\BOOKMARK [2][-]{subsection.13.2}{\376\377\000F\000i\000c\000h\000a\000s\000\040\000D\000e\000t\000a\000l\000h\000a\000d\000a\000s}{section.13}% 39
\BOOKMARK [1][-]{section.14}{\376\377\000G\000O\000H\000O\000S\000P\000-\000C\000N\000U}{}% 40
\BOOKMARK [2][-]{subsection.14.1}{\376\377\000T\000a\000b\000e\000l\000a\000\040\000R\000e\000s\000u\000m\000o}{section.14}% 41
\BOOKMARK [2][-]{subsection.14.2}{\376\377\000F\000i\000c\000h\000a\000s\000\040\000D\000e\000t\000a\000l\000h\000a\000d\000a\000s}{section.14}% 42
\BOOKMARK [1][-]{section.15}{\376\377\000P\000A\000S\000A}{}% 43
\BOOKMARK [2][-]{subsection.15.1}{\376\377\000T\000a\000b\000e\000l\000a\000\040\000R\000e\000s\000u\000m\000o}{section.15}% 44
\BOOKMARK [2][-]{subsection.15.2}{\376\377\000F\000i\000c\000h\000a\000s\000\040\000D\000e\000t\000a\000l\000h\000a\000d\000a\000s}{section.15}% 45
\BOOKMARK [1][-]{subsection.15.2}{\376\377\000A\000p\000\352\000n\000d\000i\000c\000e\000:\000\040\000M\000e\000t\000o\000d\000o\000l\000o\000g\000i\000a}{}% 46
